-------------------------------------------------------------------------------
Test set: com.springsource.roo.reservetickets.domain.ShowIntegrationTest
-------------------------------------------------------------------------------
Tests run: 9, Failures: 0, Errors: 8, Skipped: 0, Time elapsed: 0.063 sec <<< FAILURE!
testCountShows(com.springsource.roo.reservetickets.domain.ShowIntegrationTest)  Time elapsed: 0.016 sec  <<< ERROR!
org.springframework.orm.jpa.JpaSystemException: org.hibernate.exception.SQLGrammarException: could not extract ResultSet; nested exception is javax.persistence.PersistenceException: org.hibernate.exception.SQLGrammarException: could not extract ResultSet
	at org.springframework.orm.jpa.EntityManagerFactoryUtils.convertJpaAccessExceptionIfPossible(EntityManagerFactoryUtils.java:321)
	at org.springframework.orm.jpa.aspectj.JpaExceptionTranslatorAspect.ajc$afterThrowing$org_springframework_orm_jpa_aspectj_JpaExceptionTranslatorAspect$1$18a1ac9(JpaExceptionTranslatorAspect.aj:33)
	at com.springsource.roo.reservetickets.domain.Show_Roo_Jpa_ActiveRecord.findShowEntries_aroundBody10(Show_Roo_Jpa_ActiveRecord.aj:50)
	at com.springsource.roo.reservetickets.domain.Show_Roo_Jpa_ActiveRecord.ajc$interMethod$com_springsource_roo_reservetickets_domain_Show_Roo_Jpa_ActiveRecord$com_springsource_roo_reservetickets_domain_Show$findShowEntries(Show_Roo_Jpa_ActiveRecord.aj:1)
	at com.springsource.roo.reservetickets.domain.Show.findShowEntries(Show.java:1)
	at com.springsource.roo.reservetickets.domain.Show_Roo_Jpa_ActiveRecord.ajc$interMethodDispatch1$com_springsource_roo_reservetickets_domain_Show_Roo_Jpa_ActiveRecord$com_springsource_roo_reservetickets_domain_Show$findShowEntries(Show_Roo_Jpa_ActiveRecord.aj)
	at com.springsource.roo.reservetickets.domain.ShowDataOnDemand_Roo_DataOnDemand.ajc$interMethod$com_springsource_roo_reservetickets_domain_ShowDataOnDemand_Roo_DataOnDemand$com_springsource_roo_reservetickets_domain_ShowDataOnDemand$init(ShowDataOnDemand_Roo_DataOnDemand.aj:75)
	at com.springsource.roo.reservetickets.domain.ShowDataOnDemand.init(ShowDataOnDemand.java:1)
	at com.springsource.roo.reservetickets.domain.ShowDataOnDemand_Roo_DataOnDemand.ajc$interMethodDispatch1$com_springsource_roo_reservetickets_domain_ShowDataOnDemand_Roo_DataOnDemand$com_springsource_roo_reservetickets_domain_ShowDataOnDemand$init(ShowDataOnDemand_Roo_DataOnDemand.aj)
	at com.springsource.roo.reservetickets.domain.ShowDataOnDemand_Roo_DataOnDemand.ajc$interMethod$com_springsource_roo_reservetickets_domain_ShowDataOnDemand_Roo_DataOnDemand$com_springsource_roo_reservetickets_domain_ShowDataOnDemand$getRandomShow(ShowDataOnDemand_Roo_DataOnDemand.aj:62)
	at com.springsource.roo.reservetickets.domain.ShowDataOnDemand.getRandomShow(ShowDataOnDemand.java:1)
	at com.springsource.roo.reservetickets.domain.ShowDataOnDemand_Roo_DataOnDemand.ajc$interMethodDispatch1$com_springsource_roo_reservetickets_domain_ShowDataOnDemand_Roo_DataOnDemand$com_springsource_roo_reservetickets_domain_ShowDataOnDemand$getRandomShow(ShowDataOnDemand_Roo_DataOnDemand.aj)
	at com.springsource.roo.reservetickets.domain.ShowIntegrationTest_Roo_IntegrationTest.ajc$interMethod$com_springsource_roo_reservetickets_domain_ShowIntegrationTest_Roo_IntegrationTest$com_springsource_roo_reservetickets_domain_ShowIntegrationTest$testCountShows(ShowIntegrationTest_Roo_IntegrationTest.aj:34)
	at com.springsource.roo.reservetickets.domain.ShowIntegrationTest.testCountShows(ShowIntegrationTest.java:1)
	at sun.reflect.NativeMethodAccessorImpl.invoke0(Native Method)
	at sun.reflect.NativeMethodAccessorImpl.invoke(NativeMethodAccessorImpl.java:57)
	at sun.reflect.DelegatingMethodAccessorImpl.invoke(DelegatingMethodAccessorImpl.java:43)
	at java.lang.reflect.Method.invoke(Method.java:606)
	at org.junit.runners.model.FrameworkMethod$1.runReflectiveCall(FrameworkMethod.java:47)
	at org.junit.internal.runners.model.ReflectiveCallable.run(ReflectiveCallable.java:12)
	at org.junit.runners.model.FrameworkMethod.invokeExplosively(FrameworkMethod.java:44)
	at org.junit.internal.runners.statements.InvokeMethod.evaluate(InvokeMethod.java:17)
	at org.springframework.test.context.junit4.statements.RunBeforeTestMethodCallbacks.evaluate(RunBeforeTestMethodCallbacks.java:74)
	at org.springframework.test.context.junit4.statements.RunAfterTestMethodCallbacks.evaluate(RunAfterTestMethodCallbacks.java:83)
	at org.springframework.test.context.junit4.statements.SpringRepeat.evaluate(SpringRepeat.java:72)
	at org.springframework.test.context.junit4.SpringJUnit4ClassRunner.runChild(SpringJUnit4ClassRunner.java:231)
	at org.springframework.test.context.junit4.SpringJUnit4ClassRunner.runChild(SpringJUnit4ClassRunner.java:88)
	at org.junit.runners.ParentRunner$3.run(ParentRunner.java:238)
	at org.junit.runners.ParentRunner$1.schedule(ParentRunner.java:63)
	at org.junit.runners.ParentRunner.runChildren(ParentRunner.java:236)
	at org.junit.runners.ParentRunner.access$000(ParentRunner.java:53)
	at org.junit.runners.ParentRunner$2.evaluate(ParentRunner.java:229)
	at org.springframework.test.context.junit4.statements.RunBeforeTestClassCallbacks.evaluate(RunBeforeTestClassCallbacks.java:61)
	at org.springframework.test.context.junit4.statements.RunAfterTestClassCallbacks.evaluate(RunAfterTestClassCallbacks.java:71)
	at org.junit.runners.ParentRunner.run(ParentRunner.java:309)
	at org.springframework.test.context.junit4.SpringJUnit4ClassRunner.run(SpringJUnit4ClassRunner.java:174)
	at org.apache.maven.surefire.junit4.JUnit4Provider.execute(JUnit4Provider.java:236)
	at org.apache.maven.surefire.junit4.JUnit4Provider.executeTestSet(JUnit4Provider.java:134)
	at org.apache.maven.surefire.junit4.JUnit4Provider.invoke(JUnit4Provider.java:113)
	at sun.reflect.NativeMethodAccessorImpl.invoke0(Native Method)
	at sun.reflect.NativeMethodAccessorImpl.invoke(NativeMethodAccessorImpl.java:57)
	at sun.reflect.DelegatingMethodAccessorImpl.invoke(DelegatingMethodAccessorImpl.java:43)
	at java.lang.reflect.Method.invoke(Method.java:606)
	at org.apache.maven.surefire.util.ReflectionUtils.invokeMethodWithArray(ReflectionUtils.java:189)
	at org.apache.maven.surefire.booter.ProviderFactory$ProviderProxy.invoke(ProviderFactory.java:165)
	at org.apache.maven.surefire.booter.ProviderFactory.invokeProvider(ProviderFactory.java:85)
	at org.apache.maven.surefire.booter.ForkedBooter.runSuitesInProcess(ForkedBooter.java:103)
	at org.apache.maven.surefire.booter.ForkedBooter.main(ForkedBooter.java:74)
Caused by: javax.persistence.PersistenceException: org.hibernate.exception.SQLGrammarException: could not extract ResultSet
	at org.hibernate.jpa.spi.AbstractEntityManagerImpl.convert(AbstractEntityManagerImpl.java:1763)
	at org.hibernate.jpa.spi.AbstractEntityManagerImpl.convert(AbstractEntityManagerImpl.java:1677)
	at org.hibernate.jpa.internal.QueryImpl.getResultList(QueryImpl.java:458)
	... 46 more
Caused by: org.hibernate.exception.SQLGrammarException: could not extract ResultSet
	at org.hibernate.exception.internal.SQLStateConversionDelegate.convert(SQLStateConversionDelegate.java:123)
	at org.hibernate.exception.internal.StandardSQLExceptionConverter.convert(StandardSQLExceptionConverter.java:49)
	at org.hibernate.engine.jdbc.spi.SqlExceptionHelper.convert(SqlExceptionHelper.java:126)
	at org.hibernate.engine.jdbc.spi.SqlExceptionHelper.convert(SqlExceptionHelper.java:112)
	at org.hibernate.engine.jdbc.internal.ResultSetReturnImpl.extract(ResultSetReturnImpl.java:91)
	at org.hibernate.loader.plan.exec.internal.AbstractLoadPlanBasedLoader.getResultSet(AbstractLoadPlanBasedLoader.java:449)
	at org.hibernate.loader.plan.exec.internal.AbstractLoadPlanBasedLoader.executeQueryStatement(AbstractLoadPlanBasedLoader.java:202)
	at org.hibernate.loader.plan.exec.internal.AbstractLoadPlanBasedLoader.executeLoad(AbstractLoadPlanBasedLoader.java:137)
	at org.hibernate.loader.plan.exec.internal.AbstractLoadPlanBasedLoader.executeLoad(AbstractLoadPlanBasedLoader.java:102)
	at org.hibernate.loader.entity.plan.AbstractLoadPlanBasedEntityLoader.load(AbstractLoadPlanBasedEntityLoader.java:186)
	at org.hibernate.persister.entity.AbstractEntityPersister.load(AbstractEntityPersister.java:4126)
	at org.hibernate.event.internal.DefaultLoadEventListener.loadFromDatasource(DefaultLoadEventListener.java:503)
	at org.hibernate.event.internal.DefaultLoadEventListener.doLoad(DefaultLoadEventListener.java:468)
	at org.hibernate.event.internal.DefaultLoadEventListener.load(DefaultLoadEventListener.java:213)
	at org.hibernate.event.internal.DefaultLoadEventListener.proxyOrLoad(DefaultLoadEventListener.java:275)
	at org.hibernate.event.internal.DefaultLoadEventListener.onLoad(DefaultLoadEventListener.java:151)
	at org.hibernate.internal.SessionImpl.fireLoad(SessionImpl.java:1070)
	at org.hibernate.internal.SessionImpl.internalLoad(SessionImpl.java:989)
	at org.hibernate.type.EntityType.resolveIdentifier(EntityType.java:716)
	at org.hibernate.type.EntityType.resolve(EntityType.java:502)
	at org.hibernate.engine.internal.TwoPhaseLoad.doInitializeEntity(TwoPhaseLoad.java:170)
	at org.hibernate.engine.internal.TwoPhaseLoad.initializeEntity(TwoPhaseLoad.java:144)
	at org.hibernate.loader.Loader.initializeEntitiesAndCollections(Loader.java:1114)
	at org.hibernate.loader.Loader.processResultSet(Loader.java:972)
	at org.hibernate.loader.Loader.doQuery(Loader.java:920)
	at org.hibernate.loader.Loader.doQueryAndInitializeNonLazyCollections(Loader.java:354)
	at org.hibernate.loader.Loader.doList(Loader.java:2553)
	at org.hibernate.loader.Loader.doList(Loader.java:2539)
	at org.hibernate.loader.Loader.listIgnoreQueryCache(Loader.java:2369)
	at org.hibernate.loader.Loader.list(Loader.java:2364)
	at org.hibernate.loader.hql.QueryLoader.list(QueryLoader.java:496)
	at org.hibernate.hql.internal.ast.QueryTranslatorImpl.list(QueryTranslatorImpl.java:387)
	at org.hibernate.engine.query.spi.HQLQueryPlan.performList(HQLQueryPlan.java:231)
	at org.hibernate.internal.SessionImpl.list(SessionImpl.java:1264)
	at org.hibernate.internal.QueryImpl.list(QueryImpl.java:103)
	at org.hibernate.jpa.internal.QueryImpl.list(QueryImpl.java:573)
	at org.hibernate.jpa.internal.QueryImpl.getResultList(QueryImpl.java:449)
	... 46 more
Caused by: java.sql.SQLException: Invalid column name 'numberOfAuditorium'.
	at net.sourceforge.jtds.jdbc.SQLDiagnostic.addDiagnostic(SQLDiagnostic.java:368)
	at net.sourceforge.jtds.jdbc.TdsCore.tdsErrorToken(TdsCore.java:2820)
	at net.sourceforge.jtds.jdbc.TdsCore.nextToken(TdsCore.java:2258)
	at net.sourceforge.jtds.jdbc.TdsCore.getMoreResults(TdsCore.java:632)
	at net.sourceforge.jtds.jdbc.JtdsStatement.executeSQLQuery(JtdsStatement.java:477)
	at net.sourceforge.jtds.jdbc.JtdsPreparedStatement.executeQuery(JtdsPreparedStatement.java:778)
	at org.apache.commons.dbcp.DelegatingPreparedStatement.executeQuery(DelegatingPreparedStatement.java:96)
	at org.apache.commons.dbcp.DelegatingPreparedStatement.executeQuery(DelegatingPreparedStatement.java:96)
	at org.hibernate.engine.jdbc.internal.ResultSetReturnImpl.extract(ResultSetReturnImpl.java:82)
	... 78 more
testFindAllShows(com.springsource.roo.reservetickets.domain.ShowIntegrationTest)  Time elapsed: 0 sec  <<< ERROR!
org.springframework.orm.jpa.JpaSystemException: org.hibernate.exception.SQLGrammarException: could not extract ResultSet; nested exception is javax.persistence.PersistenceException: org.hibernate.exception.SQLGrammarException: could not extract ResultSet
	at org.springframework.orm.jpa.EntityManagerFactoryUtils.convertJpaAccessExceptionIfPossible(EntityManagerFactoryUtils.java:321)
	at org.springframework.orm.jpa.aspectj.JpaExceptionTranslatorAspect.ajc$afterThrowing$org_springframework_orm_jpa_aspectj_JpaExceptionTranslatorAspect$1$18a1ac9(JpaExceptionTranslatorAspect.aj:33)
	at com.springsource.roo.reservetickets.domain.Show_Roo_Jpa_ActiveRecord.findShowEntries_aroundBody10(Show_Roo_Jpa_ActiveRecord.aj:50)
	at com.springsource.roo.reservetickets.domain.Show_Roo_Jpa_ActiveRecord.ajc$interMethod$com_springsource_roo_reservetickets_domain_Show_Roo_Jpa_ActiveRecord$com_springsource_roo_reservetickets_domain_Show$findShowEntries(Show_Roo_Jpa_ActiveRecord.aj:1)
	at com.springsource.roo.reservetickets.domain.Show.findShowEntries(Show.java:1)
	at com.springsource.roo.reservetickets.domain.Show_Roo_Jpa_ActiveRecord.ajc$interMethodDispatch1$com_springsource_roo_reservetickets_domain_Show_Roo_Jpa_ActiveRecord$com_springsource_roo_reservetickets_domain_Show$findShowEntries(Show_Roo_Jpa_ActiveRecord.aj)
	at com.springsource.roo.reservetickets.domain.ShowDataOnDemand_Roo_DataOnDemand.ajc$interMethod$com_springsource_roo_reservetickets_domain_ShowDataOnDemand_Roo_DataOnDemand$com_springsource_roo_reservetickets_domain_ShowDataOnDemand$init(ShowDataOnDemand_Roo_DataOnDemand.aj:75)
	at com.springsource.roo.reservetickets.domain.ShowDataOnDemand.init(ShowDataOnDemand.java:1)
	at com.springsource.roo.reservetickets.domain.ShowDataOnDemand_Roo_DataOnDemand.ajc$interMethodDispatch1$com_springsource_roo_reservetickets_domain_ShowDataOnDemand_Roo_DataOnDemand$com_springsource_roo_reservetickets_domain_ShowDataOnDemand$init(ShowDataOnDemand_Roo_DataOnDemand.aj)
	at com.springsource.roo.reservetickets.domain.ShowDataOnDemand_Roo_DataOnDemand.ajc$interMethod$com_springsource_roo_reservetickets_domain_ShowDataOnDemand_Roo_DataOnDemand$com_springsource_roo_reservetickets_domain_ShowDataOnDemand$getRandomShow(ShowDataOnDemand_Roo_DataOnDemand.aj:62)
	at com.springsource.roo.reservetickets.domain.ShowDataOnDemand.getRandomShow(ShowDataOnDemand.java:1)
	at com.springsource.roo.reservetickets.domain.ShowDataOnDemand_Roo_DataOnDemand.ajc$interMethodDispatch1$com_springsource_roo_reservetickets_domain_ShowDataOnDemand_Roo_DataOnDemand$com_springsource_roo_reservetickets_domain_ShowDataOnDemand$getRandomShow(ShowDataOnDemand_Roo_DataOnDemand.aj)
	at com.springsource.roo.reservetickets.domain.ShowIntegrationTest_Roo_IntegrationTest.ajc$interMethod$com_springsource_roo_reservetickets_domain_ShowIntegrationTest_Roo_IntegrationTest$com_springsource_roo_reservetickets_domain_ShowIntegrationTest$testFindAllShows(ShowIntegrationTest_Roo_IntegrationTest.aj:52)
	at com.springsource.roo.reservetickets.domain.ShowIntegrationTest.testFindAllShows(ShowIntegrationTest.java:1)
	at sun.reflect.NativeMethodAccessorImpl.invoke0(Native Method)
	at sun.reflect.NativeMethodAccessorImpl.invoke(NativeMethodAccessorImpl.java:57)
	at sun.reflect.DelegatingMethodAccessorImpl.invoke(DelegatingMethodAccessorImpl.java:43)
	at java.lang.reflect.Method.invoke(Method.java:606)
	at org.junit.runners.model.FrameworkMethod$1.runReflectiveCall(FrameworkMethod.java:47)
	at org.junit.internal.runners.model.ReflectiveCallable.run(ReflectiveCallable.java:12)
	at org.junit.runners.model.FrameworkMethod.invokeExplosively(FrameworkMethod.java:44)
	at org.junit.internal.runners.statements.InvokeMethod.evaluate(InvokeMethod.java:17)
	at org.springframework.test.context.junit4.statements.RunBeforeTestMethodCallbacks.evaluate(RunBeforeTestMethodCallbacks.java:74)
	at org.springframework.test.context.junit4.statements.RunAfterTestMethodCallbacks.evaluate(RunAfterTestMethodCallbacks.java:83)
	at org.springframework.test.context.junit4.statements.SpringRepeat.evaluate(SpringRepeat.java:72)
	at org.springframework.test.context.junit4.SpringJUnit4ClassRunner.runChild(SpringJUnit4ClassRunner.java:231)
	at org.springframework.test.context.junit4.SpringJUnit4ClassRunner.runChild(SpringJUnit4ClassRunner.java:88)
	at org.junit.runners.ParentRunner$3.run(ParentRunner.java:238)
	at org.junit.runners.ParentRunner$1.schedule(ParentRunner.java:63)
	at org.junit.runners.ParentRunner.runChildren(ParentRunner.java:236)
	at org.junit.runners.ParentRunner.access$000(ParentRunner.java:53)
	at org.junit.runners.ParentRunner$2.evaluate(ParentRunner.java:229)
	at org.springframework.test.context.junit4.statements.RunBeforeTestClassCallbacks.evaluate(RunBeforeTestClassCallbacks.java:61)
	at org.springframework.test.context.junit4.statements.RunAfterTestClassCallbacks.evaluate(RunAfterTestClassCallbacks.java:71)
	at org.junit.runners.ParentRunner.run(ParentRunner.java:309)
	at org.springframework.test.context.junit4.SpringJUnit4ClassRunner.run(SpringJUnit4ClassRunner.java:174)
	at org.apache.maven.surefire.junit4.JUnit4Provider.execute(JUnit4Provider.java:236)
	at org.apache.maven.surefire.junit4.JUnit4Provider.executeTestSet(JUnit4Provider.java:134)
	at org.apache.maven.surefire.junit4.JUnit4Provider.invoke(JUnit4Provider.java:113)
	at sun.reflect.NativeMethodAccessorImpl.invoke0(Native Method)
	at sun.reflect.NativeMethodAccessorImpl.invoke(NativeMethodAccessorImpl.java:57)
	at sun.reflect.DelegatingMethodAccessorImpl.invoke(DelegatingMethodAccessorImpl.java:43)
	at java.lang.reflect.Method.invoke(Method.java:606)
	at org.apache.maven.surefire.util.ReflectionUtils.invokeMethodWithArray(ReflectionUtils.java:189)
	at org.apache.maven.surefire.booter.ProviderFactory$ProviderProxy.invoke(ProviderFactory.java:165)
	at org.apache.maven.surefire.booter.ProviderFactory.invokeProvider(ProviderFactory.java:85)
	at org.apache.maven.surefire.booter.ForkedBooter.runSuitesInProcess(ForkedBooter.java:103)
	at org.apache.maven.surefire.booter.ForkedBooter.main(ForkedBooter.java:74)
Caused by: javax.persistence.PersistenceException: org.hibernate.exception.SQLGrammarException: could not extract ResultSet
	at org.hibernate.jpa.spi.AbstractEntityManagerImpl.convert(AbstractEntityManagerImpl.java:1763)
	at org.hibernate.jpa.spi.AbstractEntityManagerImpl.convert(AbstractEntityManagerImpl.java:1677)
	at org.hibernate.jpa.internal.QueryImpl.getResultList(QueryImpl.java:458)
	... 46 more
Caused by: org.hibernate.exception.SQLGrammarException: could not extract ResultSet
	at org.hibernate.exception.internal.SQLStateConversionDelegate.convert(SQLStateConversionDelegate.java:123)
	at org.hibernate.exception.internal.StandardSQLExceptionConverter.convert(StandardSQLExceptionConverter.java:49)
	at org.hibernate.engine.jdbc.spi.SqlExceptionHelper.convert(SqlExceptionHelper.java:126)
	at org.hibernate.engine.jdbc.spi.SqlExceptionHelper.convert(SqlExceptionHelper.java:112)
	at org.hibernate.engine.jdbc.internal.ResultSetReturnImpl.extract(ResultSetReturnImpl.java:91)
	at org.hibernate.loader.plan.exec.internal.AbstractLoadPlanBasedLoader.getResultSet(AbstractLoadPlanBasedLoader.java:449)
	at org.hibernate.loader.plan.exec.internal.AbstractLoadPlanBasedLoader.executeQueryStatement(AbstractLoadPlanBasedLoader.java:202)
	at org.hibernate.loader.plan.exec.internal.AbstractLoadPlanBasedLoader.executeLoad(AbstractLoadPlanBasedLoader.java:137)
	at org.hibernate.loader.plan.exec.internal.AbstractLoadPlanBasedLoader.executeLoad(AbstractLoadPlanBasedLoader.java:102)
	at org.hibernate.loader.entity.plan.AbstractLoadPlanBasedEntityLoader.load(AbstractLoadPlanBasedEntityLoader.java:186)
	at org.hibernate.persister.entity.AbstractEntityPersister.load(AbstractEntityPersister.java:4126)
	at org.hibernate.event.internal.DefaultLoadEventListener.loadFromDatasource(DefaultLoadEventListener.java:503)
	at org.hibernate.event.internal.DefaultLoadEventListener.doLoad(DefaultLoadEventListener.java:468)
	at org.hibernate.event.internal.DefaultLoadEventListener.load(DefaultLoadEventListener.java:213)
	at org.hibernate.event.internal.DefaultLoadEventListener.proxyOrLoad(DefaultLoadEventListener.java:275)
	at org.hibernate.event.internal.DefaultLoadEventListener.onLoad(DefaultLoadEventListener.java:151)
	at org.hibernate.internal.SessionImpl.fireLoad(SessionImpl.java:1070)
	at org.hibernate.internal.SessionImpl.internalLoad(SessionImpl.java:989)
	at org.hibernate.type.EntityType.resolveIdentifier(EntityType.java:716)
	at org.hibernate.type.EntityType.resolve(EntityType.java:502)
	at org.hibernate.engine.internal.TwoPhaseLoad.doInitializeEntity(TwoPhaseLoad.java:170)
	at org.hibernate.engine.internal.TwoPhaseLoad.initializeEntity(TwoPhaseLoad.java:144)
	at org.hibernate.loader.Loader.initializeEntitiesAndCollections(Loader.java:1114)
	at org.hibernate.loader.Loader.processResultSet(Loader.java:972)
	at org.hibernate.loader.Loader.doQuery(Loader.java:920)
	at org.hibernate.loader.Loader.doQueryAndInitializeNonLazyCollections(Loader.java:354)
	at org.hibernate.loader.Loader.doList(Loader.java:2553)
	at org.hibernate.loader.Loader.doList(Loader.java:2539)
	at org.hibernate.loader.Loader.listIgnoreQueryCache(Loader.java:2369)
	at org.hibernate.loader.Loader.list(Loader.java:2364)
	at org.hibernate.loader.hql.QueryLoader.list(QueryLoader.java:496)
	at org.hibernate.hql.internal.ast.QueryTranslatorImpl.list(QueryTranslatorImpl.java:387)
	at org.hibernate.engine.query.spi.HQLQueryPlan.performList(HQLQueryPlan.java:231)
	at org.hibernate.internal.SessionImpl.list(SessionImpl.java:1264)
	at org.hibernate.internal.QueryImpl.list(QueryImpl.java:103)
	at org.hibernate.jpa.internal.QueryImpl.list(QueryImpl.java:573)
	at org.hibernate.jpa.internal.QueryImpl.getResultList(QueryImpl.java:449)
	... 46 more
Caused by: java.sql.SQLException: Invalid column name 'numberOfAuditorium'.
	at net.sourceforge.jtds.jdbc.SQLDiagnostic.addDiagnostic(SQLDiagnostic.java:368)
	at net.sourceforge.jtds.jdbc.TdsCore.tdsErrorToken(TdsCore.java:2820)
	at net.sourceforge.jtds.jdbc.TdsCore.nextToken(TdsCore.java:2258)
	at net.sourceforge.jtds.jdbc.TdsCore.getMoreResults(TdsCore.java:632)
	at net.sourceforge.jtds.jdbc.JtdsStatement.executeSQLQuery(JtdsStatement.java:477)
	at net.sourceforge.jtds.jdbc.JtdsPreparedStatement.executeQuery(JtdsPreparedStatement.java:778)
	at org.apache.commons.dbcp.DelegatingPreparedStatement.executeQuery(DelegatingPreparedStatement.java:96)
	at org.apache.commons.dbcp.DelegatingPreparedStatement.executeQuery(DelegatingPreparedStatement.java:96)
	at org.hibernate.engine.jdbc.internal.ResultSetReturnImpl.extract(ResultSetReturnImpl.java:82)
	... 78 more
testFlush(com.springsource.roo.reservetickets.domain.ShowIntegrationTest)  Time elapsed: 0 sec  <<< ERROR!
org.springframework.orm.jpa.JpaSystemException: org.hibernate.exception.SQLGrammarException: could not extract ResultSet; nested exception is javax.persistence.PersistenceException: org.hibernate.exception.SQLGrammarException: could not extract ResultSet
	at org.springframework.orm.jpa.EntityManagerFactoryUtils.convertJpaAccessExceptionIfPossible(EntityManagerFactoryUtils.java:321)
	at org.springframework.orm.jpa.aspectj.JpaExceptionTranslatorAspect.ajc$afterThrowing$org_springframework_orm_jpa_aspectj_JpaExceptionTranslatorAspect$1$18a1ac9(JpaExceptionTranslatorAspect.aj:33)
	at com.springsource.roo.reservetickets.domain.Show_Roo_Jpa_ActiveRecord.findShowEntries_aroundBody10(Show_Roo_Jpa_ActiveRecord.aj:50)
	at com.springsource.roo.reservetickets.domain.Show_Roo_Jpa_ActiveRecord.ajc$interMethod$com_springsource_roo_reservetickets_domain_Show_Roo_Jpa_ActiveRecord$com_springsource_roo_reservetickets_domain_Show$findShowEntries(Show_Roo_Jpa_ActiveRecord.aj:1)
	at com.springsource.roo.reservetickets.domain.Show.findShowEntries(Show.java:1)
	at com.springsource.roo.reservetickets.domain.Show_Roo_Jpa_ActiveRecord.ajc$interMethodDispatch1$com_springsource_roo_reservetickets_domain_Show_Roo_Jpa_ActiveRecord$com_springsource_roo_reservetickets_domain_Show$findShowEntries(Show_Roo_Jpa_ActiveRecord.aj)
	at com.springsource.roo.reservetickets.domain.ShowDataOnDemand_Roo_DataOnDemand.ajc$interMethod$com_springsource_roo_reservetickets_domain_ShowDataOnDemand_Roo_DataOnDemand$com_springsource_roo_reservetickets_domain_ShowDataOnDemand$init(ShowDataOnDemand_Roo_DataOnDemand.aj:75)
	at com.springsource.roo.reservetickets.domain.ShowDataOnDemand.init(ShowDataOnDemand.java:1)
	at com.springsource.roo.reservetickets.domain.ShowDataOnDemand_Roo_DataOnDemand.ajc$interMethodDispatch1$com_springsource_roo_reservetickets_domain_ShowDataOnDemand_Roo_DataOnDemand$com_springsource_roo_reservetickets_domain_ShowDataOnDemand$init(ShowDataOnDemand_Roo_DataOnDemand.aj)
	at com.springsource.roo.reservetickets.domain.ShowDataOnDemand_Roo_DataOnDemand.ajc$interMethod$com_springsource_roo_reservetickets_domain_ShowDataOnDemand_Roo_DataOnDemand$com_springsource_roo_reservetickets_domain_ShowDataOnDemand$getRandomShow(ShowDataOnDemand_Roo_DataOnDemand.aj:62)
	at com.springsource.roo.reservetickets.domain.ShowDataOnDemand.getRandomShow(ShowDataOnDemand.java:1)
	at com.springsource.roo.reservetickets.domain.ShowDataOnDemand_Roo_DataOnDemand.ajc$interMethodDispatch1$com_springsource_roo_reservetickets_domain_ShowDataOnDemand_Roo_DataOnDemand$com_springsource_roo_reservetickets_domain_ShowDataOnDemand$getRandomShow(ShowDataOnDemand_Roo_DataOnDemand.aj)
	at com.springsource.roo.reservetickets.domain.ShowIntegrationTest_Roo_IntegrationTest.ajc$interMethod$com_springsource_roo_reservetickets_domain_ShowIntegrationTest_Roo_IntegrationTest$com_springsource_roo_reservetickets_domain_ShowIntegrationTest$testFlush(ShowIntegrationTest_Roo_IntegrationTest.aj:74)
	at com.springsource.roo.reservetickets.domain.ShowIntegrationTest.testFlush(ShowIntegrationTest.java:1)
	at sun.reflect.NativeMethodAccessorImpl.invoke0(Native Method)
	at sun.reflect.NativeMethodAccessorImpl.invoke(NativeMethodAccessorImpl.java:57)
	at sun.reflect.DelegatingMethodAccessorImpl.invoke(DelegatingMethodAccessorImpl.java:43)
	at java.lang.reflect.Method.invoke(Method.java:606)
	at org.junit.runners.model.FrameworkMethod$1.runReflectiveCall(FrameworkMethod.java:47)
	at org.junit.internal.runners.model.ReflectiveCallable.run(ReflectiveCallable.java:12)
	at org.junit.runners.model.FrameworkMethod.invokeExplosively(FrameworkMethod.java:44)
	at org.junit.internal.runners.statements.InvokeMethod.evaluate(InvokeMethod.java:17)
	at org.springframework.test.context.junit4.statements.RunBeforeTestMethodCallbacks.evaluate(RunBeforeTestMethodCallbacks.java:74)
	at org.springframework.test.context.junit4.statements.RunAfterTestMethodCallbacks.evaluate(RunAfterTestMethodCallbacks.java:83)
	at org.springframework.test.context.junit4.statements.SpringRepeat.evaluate(SpringRepeat.java:72)
	at org.springframework.test.context.junit4.SpringJUnit4ClassRunner.runChild(SpringJUnit4ClassRunner.java:231)
	at org.springframework.test.context.junit4.SpringJUnit4ClassRunner.runChild(SpringJUnit4ClassRunner.java:88)
	at org.junit.runners.ParentRunner$3.run(ParentRunner.java:238)
	at org.junit.runners.ParentRunner$1.schedule(ParentRunner.java:63)
	at org.junit.runners.ParentRunner.runChildren(ParentRunner.java:236)
	at org.junit.runners.ParentRunner.access$000(ParentRunner.java:53)
	at org.junit.runners.ParentRunner$2.evaluate(ParentRunner.java:229)
	at org.springframework.test.context.junit4.statements.RunBeforeTestClassCallbacks.evaluate(RunBeforeTestClassCallbacks.java:61)
	at org.springframework.test.context.junit4.statements.RunAfterTestClassCallbacks.evaluate(RunAfterTestClassCallbacks.java:71)
	at org.junit.runners.ParentRunner.run(ParentRunner.java:309)
	at org.springframework.test.context.junit4.SpringJUnit4ClassRunner.run(SpringJUnit4ClassRunner.java:174)
	at org.apache.maven.surefire.junit4.JUnit4Provider.execute(JUnit4Provider.java:236)
	at org.apache.maven.surefire.junit4.JUnit4Provider.executeTestSet(JUnit4Provider.java:134)
	at org.apache.maven.surefire.junit4.JUnit4Provider.invoke(JUnit4Provider.java:113)
	at sun.reflect.NativeMethodAccessorImpl.invoke0(Native Method)
	at sun.reflect.NativeMethodAccessorImpl.invoke(NativeMethodAccessorImpl.java:57)
	at sun.reflect.DelegatingMethodAccessorImpl.invoke(DelegatingMethodAccessorImpl.java:43)
	at java.lang.reflect.Method.invoke(Method.java:606)
	at org.apache.maven.surefire.util.ReflectionUtils.invokeMethodWithArray(ReflectionUtils.java:189)
	at org.apache.maven.surefire.booter.ProviderFactory$ProviderProxy.invoke(ProviderFactory.java:165)
	at org.apache.maven.surefire.booter.ProviderFactory.invokeProvider(ProviderFactory.java:85)
	at org.apache.maven.surefire.booter.ForkedBooter.runSuitesInProcess(ForkedBooter.java:103)
	at org.apache.maven.surefire.booter.ForkedBooter.main(ForkedBooter.java:74)
Caused by: javax.persistence.PersistenceException: org.hibernate.exception.SQLGrammarException: could not extract ResultSet
	at org.hibernate.jpa.spi.AbstractEntityManagerImpl.convert(AbstractEntityManagerImpl.java:1763)
	at org.hibernate.jpa.spi.AbstractEntityManagerImpl.convert(AbstractEntityManagerImpl.java:1677)
	at org.hibernate.jpa.internal.QueryImpl.getResultList(QueryImpl.java:458)
	... 46 more
Caused by: org.hibernate.exception.SQLGrammarException: could not extract ResultSet
	at org.hibernate.exception.internal.SQLStateConversionDelegate.convert(SQLStateConversionDelegate.java:123)
	at org.hibernate.exception.internal.StandardSQLExceptionConverter.convert(StandardSQLExceptionConverter.java:49)
	at org.hibernate.engine.jdbc.spi.SqlExceptionHelper.convert(SqlExceptionHelper.java:126)
	at org.hibernate.engine.jdbc.spi.SqlExceptionHelper.convert(SqlExceptionHelper.java:112)
	at org.hibernate.engine.jdbc.internal.ResultSetReturnImpl.extract(ResultSetReturnImpl.java:91)
	at org.hibernate.loader.plan.exec.internal.AbstractLoadPlanBasedLoader.getResultSet(AbstractLoadPlanBasedLoader.java:449)
	at org.hibernate.loader.plan.exec.internal.AbstractLoadPlanBasedLoader.executeQueryStatement(AbstractLoadPlanBasedLoader.java:202)
	at org.hibernate.loader.plan.exec.internal.AbstractLoadPlanBasedLoader.executeLoad(AbstractLoadPlanBasedLoader.java:137)
	at org.hibernate.loader.plan.exec.internal.AbstractLoadPlanBasedLoader.executeLoad(AbstractLoadPlanBasedLoader.java:102)
	at org.hibernate.loader.entity.plan.AbstractLoadPlanBasedEntityLoader.load(AbstractLoadPlanBasedEntityLoader.java:186)
	at org.hibernate.persister.entity.AbstractEntityPersister.load(AbstractEntityPersister.java:4126)
	at org.hibernate.event.internal.DefaultLoadEventListener.loadFromDatasource(DefaultLoadEventListener.java:503)
	at org.hibernate.event.internal.DefaultLoadEventListener.doLoad(DefaultLoadEventListener.java:468)
	at org.hibernate.event.internal.DefaultLoadEventListener.load(DefaultLoadEventListener.java:213)
	at org.hibernate.event.internal.DefaultLoadEventListener.proxyOrLoad(DefaultLoadEventListener.java:275)
	at org.hibernate.event.internal.DefaultLoadEventListener.onLoad(DefaultLoadEventListener.java:151)
	at org.hibernate.internal.SessionImpl.fireLoad(SessionImpl.java:1070)
	at org.hibernate.internal.SessionImpl.internalLoad(SessionImpl.java:989)
	at org.hibernate.type.EntityType.resolveIdentifier(EntityType.java:716)
	at org.hibernate.type.EntityType.resolve(EntityType.java:502)
	at org.hibernate.engine.internal.TwoPhaseLoad.doInitializeEntity(TwoPhaseLoad.java:170)
	at org.hibernate.engine.internal.TwoPhaseLoad.initializeEntity(TwoPhaseLoad.java:144)
	at org.hibernate.loader.Loader.initializeEntitiesAndCollections(Loader.java:1114)
	at org.hibernate.loader.Loader.processResultSet(Loader.java:972)
	at org.hibernate.loader.Loader.doQuery(Loader.java:920)
	at org.hibernate.loader.Loader.doQueryAndInitializeNonLazyCollections(Loader.java:354)
	at org.hibernate.loader.Loader.doList(Loader.java:2553)
	at org.hibernate.loader.Loader.doList(Loader.java:2539)
	at org.hibernate.loader.Loader.listIgnoreQueryCache(Loader.java:2369)
	at org.hibernate.loader.Loader.list(Loader.java:2364)
	at org.hibernate.loader.hql.QueryLoader.list(QueryLoader.java:496)
	at org.hibernate.hql.internal.ast.QueryTranslatorImpl.list(QueryTranslatorImpl.java:387)
	at org.hibernate.engine.query.spi.HQLQueryPlan.performList(HQLQueryPlan.java:231)
	at org.hibernate.internal.SessionImpl.list(SessionImpl.java:1264)
	at org.hibernate.internal.QueryImpl.list(QueryImpl.java:103)
	at org.hibernate.jpa.internal.QueryImpl.list(QueryImpl.java:573)
	at org.hibernate.jpa.internal.QueryImpl.getResultList(QueryImpl.java:449)
	... 46 more
Caused by: java.sql.SQLException: Invalid column name 'numberOfAuditorium'.
	at net.sourceforge.jtds.jdbc.SQLDiagnostic.addDiagnostic(SQLDiagnostic.java:368)
	at net.sourceforge.jtds.jdbc.TdsCore.tdsErrorToken(TdsCore.java:2820)
	at net.sourceforge.jtds.jdbc.TdsCore.nextToken(TdsCore.java:2258)
	at net.sourceforge.jtds.jdbc.TdsCore.getMoreResults(TdsCore.java:632)
	at net.sourceforge.jtds.jdbc.JtdsStatement.executeSQLQuery(JtdsStatement.java:477)
	at net.sourceforge.jtds.jdbc.JtdsPreparedStatement.executeQuery(JtdsPreparedStatement.java:778)
	at org.apache.commons.dbcp.DelegatingPreparedStatement.executeQuery(DelegatingPreparedStatement.java:96)
	at org.apache.commons.dbcp.DelegatingPreparedStatement.executeQuery(DelegatingPreparedStatement.java:96)
	at org.hibernate.engine.jdbc.internal.ResultSetReturnImpl.extract(ResultSetReturnImpl.java:82)
	... 78 more
testPersist(com.springsource.roo.reservetickets.domain.ShowIntegrationTest)  Time elapsed: 0.015 sec  <<< ERROR!
org.springframework.orm.jpa.JpaSystemException: org.hibernate.exception.SQLGrammarException: could not extract ResultSet; nested exception is javax.persistence.PersistenceException: org.hibernate.exception.SQLGrammarException: could not extract ResultSet
	at org.springframework.orm.jpa.EntityManagerFactoryUtils.convertJpaAccessExceptionIfPossible(EntityManagerFactoryUtils.java:321)
	at org.springframework.orm.jpa.aspectj.JpaExceptionTranslatorAspect.ajc$afterThrowing$org_springframework_orm_jpa_aspectj_JpaExceptionTranslatorAspect$1$18a1ac9(JpaExceptionTranslatorAspect.aj:33)
	at com.springsource.roo.reservetickets.domain.Show_Roo_Jpa_ActiveRecord.findShowEntries_aroundBody10(Show_Roo_Jpa_ActiveRecord.aj:50)
	at com.springsource.roo.reservetickets.domain.Show_Roo_Jpa_ActiveRecord.ajc$interMethod$com_springsource_roo_reservetickets_domain_Show_Roo_Jpa_ActiveRecord$com_springsource_roo_reservetickets_domain_Show$findShowEntries(Show_Roo_Jpa_ActiveRecord.aj:1)
	at com.springsource.roo.reservetickets.domain.Show.findShowEntries(Show.java:1)
	at com.springsource.roo.reservetickets.domain.Show_Roo_Jpa_ActiveRecord.ajc$interMethodDispatch1$com_springsource_roo_reservetickets_domain_Show_Roo_Jpa_ActiveRecord$com_springsource_roo_reservetickets_domain_Show$findShowEntries(Show_Roo_Jpa_ActiveRecord.aj)
	at com.springsource.roo.reservetickets.domain.ShowDataOnDemand_Roo_DataOnDemand.ajc$interMethod$com_springsource_roo_reservetickets_domain_ShowDataOnDemand_Roo_DataOnDemand$com_springsource_roo_reservetickets_domain_ShowDataOnDemand$init(ShowDataOnDemand_Roo_DataOnDemand.aj:75)
	at com.springsource.roo.reservetickets.domain.ShowDataOnDemand.init(ShowDataOnDemand.java:1)
	at com.springsource.roo.reservetickets.domain.ShowDataOnDemand_Roo_DataOnDemand.ajc$interMethodDispatch1$com_springsource_roo_reservetickets_domain_ShowDataOnDemand_Roo_DataOnDemand$com_springsource_roo_reservetickets_domain_ShowDataOnDemand$init(ShowDataOnDemand_Roo_DataOnDemand.aj)
	at com.springsource.roo.reservetickets.domain.ShowDataOnDemand_Roo_DataOnDemand.ajc$interMethod$com_springsource_roo_reservetickets_domain_ShowDataOnDemand_Roo_DataOnDemand$com_springsource_roo_reservetickets_domain_ShowDataOnDemand$getRandomShow(ShowDataOnDemand_Roo_DataOnDemand.aj:62)
	at com.springsource.roo.reservetickets.domain.ShowDataOnDemand.getRandomShow(ShowDataOnDemand.java:1)
	at com.springsource.roo.reservetickets.domain.ShowDataOnDemand_Roo_DataOnDemand.ajc$interMethodDispatch1$com_springsource_roo_reservetickets_domain_ShowDataOnDemand_Roo_DataOnDemand$com_springsource_roo_reservetickets_domain_ShowDataOnDemand$getRandomShow(ShowDataOnDemand_Roo_DataOnDemand.aj)
	at com.springsource.roo.reservetickets.domain.ShowIntegrationTest_Roo_IntegrationTest.ajc$interMethod$com_springsource_roo_reservetickets_domain_ShowIntegrationTest_Roo_IntegrationTest$com_springsource_roo_reservetickets_domain_ShowIntegrationTest$testPersist(ShowIntegrationTest_Roo_IntegrationTest.aj:103)
	at com.springsource.roo.reservetickets.domain.ShowIntegrationTest.testPersist(ShowIntegrationTest.java:1)
	at sun.reflect.NativeMethodAccessorImpl.invoke0(Native Method)
	at sun.reflect.NativeMethodAccessorImpl.invoke(NativeMethodAccessorImpl.java:57)
	at sun.reflect.DelegatingMethodAccessorImpl.invoke(DelegatingMethodAccessorImpl.java:43)
	at java.lang.reflect.Method.invoke(Method.java:606)
	at org.junit.runners.model.FrameworkMethod$1.runReflectiveCall(FrameworkMethod.java:47)
	at org.junit.internal.runners.model.ReflectiveCallable.run(ReflectiveCallable.java:12)
	at org.junit.runners.model.FrameworkMethod.invokeExplosively(FrameworkMethod.java:44)
	at org.junit.internal.runners.statements.InvokeMethod.evaluate(InvokeMethod.java:17)
	at org.springframework.test.context.junit4.statements.RunBeforeTestMethodCallbacks.evaluate(RunBeforeTestMethodCallbacks.java:74)
	at org.springframework.test.context.junit4.statements.RunAfterTestMethodCallbacks.evaluate(RunAfterTestMethodCallbacks.java:83)
	at org.springframework.test.context.junit4.statements.SpringRepeat.evaluate(SpringRepeat.java:72)
	at org.springframework.test.context.junit4.SpringJUnit4ClassRunner.runChild(SpringJUnit4ClassRunner.java:231)
	at org.springframework.test.context.junit4.SpringJUnit4ClassRunner.runChild(SpringJUnit4ClassRunner.java:88)
	at org.junit.runners.ParentRunner$3.run(ParentRunner.java:238)
	at org.junit.runners.ParentRunner$1.schedule(ParentRunner.java:63)
	at org.junit.runners.ParentRunner.runChildren(ParentRunner.java:236)
	at org.junit.runners.ParentRunner.access$000(ParentRunner.java:53)
	at org.junit.runners.ParentRunner$2.evaluate(ParentRunner.java:229)
	at org.springframework.test.context.junit4.statements.RunBeforeTestClassCallbacks.evaluate(RunBeforeTestClassCallbacks.java:61)
	at org.springframework.test.context.junit4.statements.RunAfterTestClassCallbacks.evaluate(RunAfterTestClassCallbacks.java:71)
	at org.junit.runners.ParentRunner.run(ParentRunner.java:309)
	at org.springframework.test.context.junit4.SpringJUnit4ClassRunner.run(SpringJUnit4ClassRunner.java:174)
	at org.apache.maven.surefire.junit4.JUnit4Provider.execute(JUnit4Provider.java:236)
	at org.apache.maven.surefire.junit4.JUnit4Provider.executeTestSet(JUnit4Provider.java:134)
	at org.apache.maven.surefire.junit4.JUnit4Provider.invoke(JUnit4Provider.java:113)
	at sun.reflect.NativeMethodAccessorImpl.invoke0(Native Method)
	at sun.reflect.NativeMethodAccessorImpl.invoke(NativeMethodAccessorImpl.java:57)
	at sun.reflect.DelegatingMethodAccessorImpl.invoke(DelegatingMethodAccessorImpl.java:43)
	at java.lang.reflect.Method.invoke(Method.java:606)
	at org.apache.maven.surefire.util.ReflectionUtils.invokeMethodWithArray(ReflectionUtils.java:189)
	at org.apache.maven.surefire.booter.ProviderFactory$ProviderProxy.invoke(ProviderFactory.java:165)
	at org.apache.maven.surefire.booter.ProviderFactory.invokeProvider(ProviderFactory.java:85)
	at org.apache.maven.surefire.booter.ForkedBooter.runSuitesInProcess(ForkedBooter.java:103)
	at org.apache.maven.surefire.booter.ForkedBooter.main(ForkedBooter.java:74)
Caused by: javax.persistence.PersistenceException: org.hibernate.exception.SQLGrammarException: could not extract ResultSet
	at org.hibernate.jpa.spi.AbstractEntityManagerImpl.convert(AbstractEntityManagerImpl.java:1763)
	at org.hibernate.jpa.spi.AbstractEntityManagerImpl.convert(AbstractEntityManagerImpl.java:1677)
	at org.hibernate.jpa.internal.QueryImpl.getResultList(QueryImpl.java:458)
	... 46 more
Caused by: org.hibernate.exception.SQLGrammarException: could not extract ResultSet
	at org.hibernate.exception.internal.SQLStateConversionDelegate.convert(SQLStateConversionDelegate.java:123)
	at org.hibernate.exception.internal.StandardSQLExceptionConverter.convert(StandardSQLExceptionConverter.java:49)
	at org.hibernate.engine.jdbc.spi.SqlExceptionHelper.convert(SqlExceptionHelper.java:126)
	at org.hibernate.engine.jdbc.spi.SqlExceptionHelper.convert(SqlExceptionHelper.java:112)
	at org.hibernate.engine.jdbc.internal.ResultSetReturnImpl.extract(ResultSetReturnImpl.java:91)
	at org.hibernate.loader.plan.exec.internal.AbstractLoadPlanBasedLoader.getResultSet(AbstractLoadPlanBasedLoader.java:449)
	at org.hibernate.loader.plan.exec.internal.AbstractLoadPlanBasedLoader.executeQueryStatement(AbstractLoadPlanBasedLoader.java:202)
	at org.hibernate.loader.plan.exec.internal.AbstractLoadPlanBasedLoader.executeLoad(AbstractLoadPlanBasedLoader.java:137)
	at org.hibernate.loader.plan.exec.internal.AbstractLoadPlanBasedLoader.executeLoad(AbstractLoadPlanBasedLoader.java:102)
	at org.hibernate.loader.entity.plan.AbstractLoadPlanBasedEntityLoader.load(AbstractLoadPlanBasedEntityLoader.java:186)
	at org.hibernate.persister.entity.AbstractEntityPersister.load(AbstractEntityPersister.java:4126)
	at org.hibernate.event.internal.DefaultLoadEventListener.loadFromDatasource(DefaultLoadEventListener.java:503)
	at org.hibernate.event.internal.DefaultLoadEventListener.doLoad(DefaultLoadEventListener.java:468)
	at org.hibernate.event.internal.DefaultLoadEventListener.load(DefaultLoadEventListener.java:213)
	at org.hibernate.event.internal.DefaultLoadEventListener.proxyOrLoad(DefaultLoadEventListener.java:275)
	at org.hibernate.event.internal.DefaultLoadEventListener.onLoad(DefaultLoadEventListener.java:151)
	at org.hibernate.internal.SessionImpl.fireLoad(SessionImpl.java:1070)
	at org.hibernate.internal.SessionImpl.internalLoad(SessionImpl.java:989)
	at org.hibernate.type.EntityType.resolveIdentifier(EntityType.java:716)
	at org.hibernate.type.EntityType.resolve(EntityType.java:502)
	at org.hibernate.engine.internal.TwoPhaseLoad.doInitializeEntity(TwoPhaseLoad.java:170)
	at org.hibernate.engine.internal.TwoPhaseLoad.initializeEntity(TwoPhaseLoad.java:144)
	at org.hibernate.loader.Loader.initializeEntitiesAndCollections(Loader.java:1114)
	at org.hibernate.loader.Loader.processResultSet(Loader.java:972)
	at org.hibernate.loader.Loader.doQuery(Loader.java:920)
	at org.hibernate.loader.Loader.doQueryAndInitializeNonLazyCollections(Loader.java:354)
	at org.hibernate.loader.Loader.doList(Loader.java:2553)
	at org.hibernate.loader.Loader.doList(Loader.java:2539)
	at org.hibernate.loader.Loader.listIgnoreQueryCache(Loader.java:2369)
	at org.hibernate.loader.Loader.list(Loader.java:2364)
	at org.hibernate.loader.hql.QueryLoader.list(QueryLoader.java:496)
	at org.hibernate.hql.internal.ast.QueryTranslatorImpl.list(QueryTranslatorImpl.java:387)
	at org.hibernate.engine.query.spi.HQLQueryPlan.performList(HQLQueryPlan.java:231)
	at org.hibernate.internal.SessionImpl.list(SessionImpl.java:1264)
	at org.hibernate.internal.QueryImpl.list(QueryImpl.java:103)
	at org.hibernate.jpa.internal.QueryImpl.list(QueryImpl.java:573)
	at org.hibernate.jpa.internal.QueryImpl.getResultList(QueryImpl.java:449)
	... 46 more
Caused by: java.sql.SQLException: Invalid column name 'numberOfAuditorium'.
	at net.sourceforge.jtds.jdbc.SQLDiagnostic.addDiagnostic(SQLDiagnostic.java:368)
	at net.sourceforge.jtds.jdbc.TdsCore.tdsErrorToken(TdsCore.java:2820)
	at net.sourceforge.jtds.jdbc.TdsCore.nextToken(TdsCore.java:2258)
	at net.sourceforge.jtds.jdbc.TdsCore.getMoreResults(TdsCore.java:632)
	at net.sourceforge.jtds.jdbc.JtdsStatement.executeSQLQuery(JtdsStatement.java:477)
	at net.sourceforge.jtds.jdbc.JtdsPreparedStatement.executeQuery(JtdsPreparedStatement.java:778)
	at org.apache.commons.dbcp.DelegatingPreparedStatement.executeQuery(DelegatingPreparedStatement.java:96)
	at org.apache.commons.dbcp.DelegatingPreparedStatement.executeQuery(DelegatingPreparedStatement.java:96)
	at org.hibernate.engine.jdbc.internal.ResultSetReturnImpl.extract(ResultSetReturnImpl.java:82)
	... 78 more
testMergeUpdate(com.springsource.roo.reservetickets.domain.ShowIntegrationTest)  Time elapsed: 0 sec  <<< ERROR!
org.springframework.orm.jpa.JpaSystemException: org.hibernate.exception.SQLGrammarException: could not extract ResultSet; nested exception is javax.persistence.PersistenceException: org.hibernate.exception.SQLGrammarException: could not extract ResultSet
	at org.springframework.orm.jpa.EntityManagerFactoryUtils.convertJpaAccessExceptionIfPossible(EntityManagerFactoryUtils.java:321)
	at org.springframework.orm.jpa.aspectj.JpaExceptionTranslatorAspect.ajc$afterThrowing$org_springframework_orm_jpa_aspectj_JpaExceptionTranslatorAspect$1$18a1ac9(JpaExceptionTranslatorAspect.aj:33)
	at com.springsource.roo.reservetickets.domain.Show_Roo_Jpa_ActiveRecord.findShowEntries_aroundBody10(Show_Roo_Jpa_ActiveRecord.aj:50)
	at com.springsource.roo.reservetickets.domain.Show_Roo_Jpa_ActiveRecord.ajc$interMethod$com_springsource_roo_reservetickets_domain_Show_Roo_Jpa_ActiveRecord$com_springsource_roo_reservetickets_domain_Show$findShowEntries(Show_Roo_Jpa_ActiveRecord.aj:1)
	at com.springsource.roo.reservetickets.domain.Show.findShowEntries(Show.java:1)
	at com.springsource.roo.reservetickets.domain.Show_Roo_Jpa_ActiveRecord.ajc$interMethodDispatch1$com_springsource_roo_reservetickets_domain_Show_Roo_Jpa_ActiveRecord$com_springsource_roo_reservetickets_domain_Show$findShowEntries(Show_Roo_Jpa_ActiveRecord.aj)
	at com.springsource.roo.reservetickets.domain.ShowDataOnDemand_Roo_DataOnDemand.ajc$interMethod$com_springsource_roo_reservetickets_domain_ShowDataOnDemand_Roo_DataOnDemand$com_springsource_roo_reservetickets_domain_ShowDataOnDemand$init(ShowDataOnDemand_Roo_DataOnDemand.aj:75)
	at com.springsource.roo.reservetickets.domain.ShowDataOnDemand.init(ShowDataOnDemand.java:1)
	at com.springsource.roo.reservetickets.domain.ShowDataOnDemand_Roo_DataOnDemand.ajc$interMethodDispatch1$com_springsource_roo_reservetickets_domain_ShowDataOnDemand_Roo_DataOnDemand$com_springsource_roo_reservetickets_domain_ShowDataOnDemand$init(ShowDataOnDemand_Roo_DataOnDemand.aj)
	at com.springsource.roo.reservetickets.domain.ShowDataOnDemand_Roo_DataOnDemand.ajc$interMethod$com_springsource_roo_reservetickets_domain_ShowDataOnDemand_Roo_DataOnDemand$com_springsource_roo_reservetickets_domain_ShowDataOnDemand$getRandomShow(ShowDataOnDemand_Roo_DataOnDemand.aj:62)
	at com.springsource.roo.reservetickets.domain.ShowDataOnDemand.getRandomShow(ShowDataOnDemand.java:1)
	at com.springsource.roo.reservetickets.domain.ShowDataOnDemand_Roo_DataOnDemand.ajc$interMethodDispatch1$com_springsource_roo_reservetickets_domain_ShowDataOnDemand_Roo_DataOnDemand$com_springsource_roo_reservetickets_domain_ShowDataOnDemand$getRandomShow(ShowDataOnDemand_Roo_DataOnDemand.aj)
	at com.springsource.roo.reservetickets.domain.ShowIntegrationTest_Roo_IntegrationTest.ajc$interMethod$com_springsource_roo_reservetickets_domain_ShowIntegrationTest_Roo_IntegrationTest$com_springsource_roo_reservetickets_domain_ShowIntegrationTest$testMergeUpdate(ShowIntegrationTest_Roo_IntegrationTest.aj:88)
	at com.springsource.roo.reservetickets.domain.ShowIntegrationTest.testMergeUpdate(ShowIntegrationTest.java:1)
	at sun.reflect.NativeMethodAccessorImpl.invoke0(Native Method)
	at sun.reflect.NativeMethodAccessorImpl.invoke(NativeMethodAccessorImpl.java:57)
	at sun.reflect.DelegatingMethodAccessorImpl.invoke(DelegatingMethodAccessorImpl.java:43)
	at java.lang.reflect.Method.invoke(Method.java:606)
	at org.junit.runners.model.FrameworkMethod$1.runReflectiveCall(FrameworkMethod.java:47)
	at org.junit.internal.runners.model.ReflectiveCallable.run(ReflectiveCallable.java:12)
	at org.junit.runners.model.FrameworkMethod.invokeExplosively(FrameworkMethod.java:44)
	at org.junit.internal.runners.statements.InvokeMethod.evaluate(InvokeMethod.java:17)
	at org.springframework.test.context.junit4.statements.RunBeforeTestMethodCallbacks.evaluate(RunBeforeTestMethodCallbacks.java:74)
	at org.springframework.test.context.junit4.statements.RunAfterTestMethodCallbacks.evaluate(RunAfterTestMethodCallbacks.java:83)
	at org.springframework.test.context.junit4.statements.SpringRepeat.evaluate(SpringRepeat.java:72)
	at org.springframework.test.context.junit4.SpringJUnit4ClassRunner.runChild(SpringJUnit4ClassRunner.java:231)
	at org.springframework.test.context.junit4.SpringJUnit4ClassRunner.runChild(SpringJUnit4ClassRunner.java:88)
	at org.junit.runners.ParentRunner$3.run(ParentRunner.java:238)
	at org.junit.runners.ParentRunner$1.schedule(ParentRunner.java:63)
	at org.junit.runners.ParentRunner.runChildren(ParentRunner.java:236)
	at org.junit.runners.ParentRunner.access$000(ParentRunner.java:53)
	at org.junit.runners.ParentRunner$2.evaluate(ParentRunner.java:229)
	at org.springframework.test.context.junit4.statements.RunBeforeTestClassCallbacks.evaluate(RunBeforeTestClassCallbacks.java:61)
	at org.springframework.test.context.junit4.statements.RunAfterTestClassCallbacks.evaluate(RunAfterTestClassCallbacks.java:71)
	at org.junit.runners.ParentRunner.run(ParentRunner.java:309)
	at org.springframework.test.context.junit4.SpringJUnit4ClassRunner.run(SpringJUnit4ClassRunner.java:174)
	at org.apache.maven.surefire.junit4.JUnit4Provider.execute(JUnit4Provider.java:236)
	at org.apache.maven.surefire.junit4.JUnit4Provider.executeTestSet(JUnit4Provider.java:134)
	at org.apache.maven.surefire.junit4.JUnit4Provider.invoke(JUnit4Provider.java:113)
	at sun.reflect.NativeMethodAccessorImpl.invoke0(Native Method)
	at sun.reflect.NativeMethodAccessorImpl.invoke(NativeMethodAccessorImpl.java:57)
	at sun.reflect.DelegatingMethodAccessorImpl.invoke(DelegatingMethodAccessorImpl.java:43)
	at java.lang.reflect.Method.invoke(Method.java:606)
	at org.apache.maven.surefire.util.ReflectionUtils.invokeMethodWithArray(ReflectionUtils.java:189)
	at org.apache.maven.surefire.booter.ProviderFactory$ProviderProxy.invoke(ProviderFactory.java:165)
	at org.apache.maven.surefire.booter.ProviderFactory.invokeProvider(ProviderFactory.java:85)
	at org.apache.maven.surefire.booter.ForkedBooter.runSuitesInProcess(ForkedBooter.java:103)
	at org.apache.maven.surefire.booter.ForkedBooter.main(ForkedBooter.java:74)
Caused by: javax.persistence.PersistenceException: org.hibernate.exception.SQLGrammarException: could not extract ResultSet
	at org.hibernate.jpa.spi.AbstractEntityManagerImpl.convert(AbstractEntityManagerImpl.java:1763)
	at org.hibernate.jpa.spi.AbstractEntityManagerImpl.convert(AbstractEntityManagerImpl.java:1677)
	at org.hibernate.jpa.internal.QueryImpl.getResultList(QueryImpl.java:458)
	... 46 more
Caused by: org.hibernate.exception.SQLGrammarException: could not extract ResultSet
	at org.hibernate.exception.internal.SQLStateConversionDelegate.convert(SQLStateConversionDelegate.java:123)
	at org.hibernate.exception.internal.StandardSQLExceptionConverter.convert(StandardSQLExceptionConverter.java:49)
	at org.hibernate.engine.jdbc.spi.SqlExceptionHelper.convert(SqlExceptionHelper.java:126)
	at org.hibernate.engine.jdbc.spi.SqlExceptionHelper.convert(SqlExceptionHelper.java:112)
	at org.hibernate.engine.jdbc.internal.ResultSetReturnImpl.extract(ResultSetReturnImpl.java:91)
	at org.hibernate.loader.plan.exec.internal.AbstractLoadPlanBasedLoader.getResultSet(AbstractLoadPlanBasedLoader.java:449)
	at org.hibernate.loader.plan.exec.internal.AbstractLoadPlanBasedLoader.executeQueryStatement(AbstractLoadPlanBasedLoader.java:202)
	at org.hibernate.loader.plan.exec.internal.AbstractLoadPlanBasedLoader.executeLoad(AbstractLoadPlanBasedLoader.java:137)
	at org.hibernate.loader.plan.exec.internal.AbstractLoadPlanBasedLoader.executeLoad(AbstractLoadPlanBasedLoader.java:102)
	at org.hibernate.loader.entity.plan.AbstractLoadPlanBasedEntityLoader.load(AbstractLoadPlanBasedEntityLoader.java:186)
	at org.hibernate.persister.entity.AbstractEntityPersister.load(AbstractEntityPersister.java:4126)
	at org.hibernate.event.internal.DefaultLoadEventListener.loadFromDatasource(DefaultLoadEventListener.java:503)
	at org.hibernate.event.internal.DefaultLoadEventListener.doLoad(DefaultLoadEventListener.java:468)
	at org.hibernate.event.internal.DefaultLoadEventListener.load(DefaultLoadEventListener.java:213)
	at org.hibernate.event.internal.DefaultLoadEventListener.proxyOrLoad(DefaultLoadEventListener.java:275)
	at org.hibernate.event.internal.DefaultLoadEventListener.onLoad(DefaultLoadEventListener.java:151)
	at org.hibernate.internal.SessionImpl.fireLoad(SessionImpl.java:1070)
	at org.hibernate.internal.SessionImpl.internalLoad(SessionImpl.java:989)
	at org.hibernate.type.EntityType.resolveIdentifier(EntityType.java:716)
	at org.hibernate.type.EntityType.resolve(EntityType.java:502)
	at org.hibernate.engine.internal.TwoPhaseLoad.doInitializeEntity(TwoPhaseLoad.java:170)
	at org.hibernate.engine.internal.TwoPhaseLoad.initializeEntity(TwoPhaseLoad.java:144)
	at org.hibernate.loader.Loader.initializeEntitiesAndCollections(Loader.java:1114)
	at org.hibernate.loader.Loader.processResultSet(Loader.java:972)
	at org.hibernate.loader.Loader.doQuery(Loader.java:920)
	at org.hibernate.loader.Loader.doQueryAndInitializeNonLazyCollections(Loader.java:354)
	at org.hibernate.loader.Loader.doList(Loader.java:2553)
	at org.hibernate.loader.Loader.doList(Loader.java:2539)
	at org.hibernate.loader.Loader.listIgnoreQueryCache(Loader.java:2369)
	at org.hibernate.loader.Loader.list(Loader.java:2364)
	at org.hibernate.loader.hql.QueryLoader.list(QueryLoader.java:496)
	at org.hibernate.hql.internal.ast.QueryTranslatorImpl.list(QueryTranslatorImpl.java:387)
	at org.hibernate.engine.query.spi.HQLQueryPlan.performList(HQLQueryPlan.java:231)
	at org.hibernate.internal.SessionImpl.list(SessionImpl.java:1264)
	at org.hibernate.internal.QueryImpl.list(QueryImpl.java:103)
	at org.hibernate.jpa.internal.QueryImpl.list(QueryImpl.java:573)
	at org.hibernate.jpa.internal.QueryImpl.getResultList(QueryImpl.java:449)
	... 46 more
Caused by: java.sql.SQLException: Invalid column name 'numberOfAuditorium'.
	at net.sourceforge.jtds.jdbc.SQLDiagnostic.addDiagnostic(SQLDiagnostic.java:368)
	at net.sourceforge.jtds.jdbc.TdsCore.tdsErrorToken(TdsCore.java:2820)
	at net.sourceforge.jtds.jdbc.TdsCore.nextToken(TdsCore.java:2258)
	at net.sourceforge.jtds.jdbc.TdsCore.getMoreResults(TdsCore.java:632)
	at net.sourceforge.jtds.jdbc.JtdsStatement.executeSQLQuery(JtdsStatement.java:477)
	at net.sourceforge.jtds.jdbc.JtdsPreparedStatement.executeQuery(JtdsPreparedStatement.java:778)
	at org.apache.commons.dbcp.DelegatingPreparedStatement.executeQuery(DelegatingPreparedStatement.java:96)
	at org.apache.commons.dbcp.DelegatingPreparedStatement.executeQuery(DelegatingPreparedStatement.java:96)
	at org.hibernate.engine.jdbc.internal.ResultSetReturnImpl.extract(ResultSetReturnImpl.java:82)
	... 78 more
testFindShowEntries(com.springsource.roo.reservetickets.domain.ShowIntegrationTest)  Time elapsed: 0.016 sec  <<< ERROR!
org.springframework.orm.jpa.JpaSystemException: org.hibernate.exception.SQLGrammarException: could not extract ResultSet; nested exception is javax.persistence.PersistenceException: org.hibernate.exception.SQLGrammarException: could not extract ResultSet
	at org.springframework.orm.jpa.EntityManagerFactoryUtils.convertJpaAccessExceptionIfPossible(EntityManagerFactoryUtils.java:321)
	at org.springframework.orm.jpa.aspectj.JpaExceptionTranslatorAspect.ajc$afterThrowing$org_springframework_orm_jpa_aspectj_JpaExceptionTranslatorAspect$1$18a1ac9(JpaExceptionTranslatorAspect.aj:33)
	at com.springsource.roo.reservetickets.domain.Show_Roo_Jpa_ActiveRecord.findShowEntries_aroundBody10(Show_Roo_Jpa_ActiveRecord.aj:50)
	at com.springsource.roo.reservetickets.domain.Show_Roo_Jpa_ActiveRecord.ajc$interMethod$com_springsource_roo_reservetickets_domain_Show_Roo_Jpa_ActiveRecord$com_springsource_roo_reservetickets_domain_Show$findShowEntries(Show_Roo_Jpa_ActiveRecord.aj:1)
	at com.springsource.roo.reservetickets.domain.Show.findShowEntries(Show.java:1)
	at com.springsource.roo.reservetickets.domain.Show_Roo_Jpa_ActiveRecord.ajc$interMethodDispatch1$com_springsource_roo_reservetickets_domain_Show_Roo_Jpa_ActiveRecord$com_springsource_roo_reservetickets_domain_Show$findShowEntries(Show_Roo_Jpa_ActiveRecord.aj)
	at com.springsource.roo.reservetickets.domain.ShowDataOnDemand_Roo_DataOnDemand.ajc$interMethod$com_springsource_roo_reservetickets_domain_ShowDataOnDemand_Roo_DataOnDemand$com_springsource_roo_reservetickets_domain_ShowDataOnDemand$init(ShowDataOnDemand_Roo_DataOnDemand.aj:75)
	at com.springsource.roo.reservetickets.domain.ShowDataOnDemand.init(ShowDataOnDemand.java:1)
	at com.springsource.roo.reservetickets.domain.ShowDataOnDemand_Roo_DataOnDemand.ajc$interMethodDispatch1$com_springsource_roo_reservetickets_domain_ShowDataOnDemand_Roo_DataOnDemand$com_springsource_roo_reservetickets_domain_ShowDataOnDemand$init(ShowDataOnDemand_Roo_DataOnDemand.aj)
	at com.springsource.roo.reservetickets.domain.ShowDataOnDemand_Roo_DataOnDemand.ajc$interMethod$com_springsource_roo_reservetickets_domain_ShowDataOnDemand_Roo_DataOnDemand$com_springsource_roo_reservetickets_domain_ShowDataOnDemand$getRandomShow(ShowDataOnDemand_Roo_DataOnDemand.aj:62)
	at com.springsource.roo.reservetickets.domain.ShowDataOnDemand.getRandomShow(ShowDataOnDemand.java:1)
	at com.springsource.roo.reservetickets.domain.ShowDataOnDemand_Roo_DataOnDemand.ajc$interMethodDispatch1$com_springsource_roo_reservetickets_domain_ShowDataOnDemand_Roo_DataOnDemand$com_springsource_roo_reservetickets_domain_ShowDataOnDemand$getRandomShow(ShowDataOnDemand_Roo_DataOnDemand.aj)
	at com.springsource.roo.reservetickets.domain.ShowIntegrationTest_Roo_IntegrationTest.ajc$interMethod$com_springsource_roo_reservetickets_domain_ShowIntegrationTest_Roo_IntegrationTest$com_springsource_roo_reservetickets_domain_ShowIntegrationTest$testFindShowEntries(ShowIntegrationTest_Roo_IntegrationTest.aj:62)
	at com.springsource.roo.reservetickets.domain.ShowIntegrationTest.testFindShowEntries(ShowIntegrationTest.java:1)
	at sun.reflect.NativeMethodAccessorImpl.invoke0(Native Method)
	at sun.reflect.NativeMethodAccessorImpl.invoke(NativeMethodAccessorImpl.java:57)
	at sun.reflect.DelegatingMethodAccessorImpl.invoke(DelegatingMethodAccessorImpl.java:43)
	at java.lang.reflect.Method.invoke(Method.java:606)
	at org.junit.runners.model.FrameworkMethod$1.runReflectiveCall(FrameworkMethod.java:47)
	at org.junit.internal.runners.model.ReflectiveCallable.run(ReflectiveCallable.java:12)
	at org.junit.runners.model.FrameworkMethod.invokeExplosively(FrameworkMethod.java:44)
	at org.junit.internal.runners.statements.InvokeMethod.evaluate(InvokeMethod.java:17)
	at org.springframework.test.context.junit4.statements.RunBeforeTestMethodCallbacks.evaluate(RunBeforeTestMethodCallbacks.java:74)
	at org.springframework.test.context.junit4.statements.RunAfterTestMethodCallbacks.evaluate(RunAfterTestMethodCallbacks.java:83)
	at org.springframework.test.context.junit4.statements.SpringRepeat.evaluate(SpringRepeat.java:72)
	at org.springframework.test.context.junit4.SpringJUnit4ClassRunner.runChild(SpringJUnit4ClassRunner.java:231)
	at org.springframework.test.context.junit4.SpringJUnit4ClassRunner.runChild(SpringJUnit4ClassRunner.java:88)
	at org.junit.runners.ParentRunner$3.run(ParentRunner.java:238)
	at org.junit.runners.ParentRunner$1.schedule(ParentRunner.java:63)
	at org.junit.runners.ParentRunner.runChildren(ParentRunner.java:236)
	at org.junit.runners.ParentRunner.access$000(ParentRunner.java:53)
	at org.junit.runners.ParentRunner$2.evaluate(ParentRunner.java:229)
	at org.springframework.test.context.junit4.statements.RunBeforeTestClassCallbacks.evaluate(RunBeforeTestClassCallbacks.java:61)
	at org.springframework.test.context.junit4.statements.RunAfterTestClassCallbacks.evaluate(RunAfterTestClassCallbacks.java:71)
	at org.junit.runners.ParentRunner.run(ParentRunner.java:309)
	at org.springframework.test.context.junit4.SpringJUnit4ClassRunner.run(SpringJUnit4ClassRunner.java:174)
	at org.apache.maven.surefire.junit4.JUnit4Provider.execute(JUnit4Provider.java:236)
	at org.apache.maven.surefire.junit4.JUnit4Provider.executeTestSet(JUnit4Provider.java:134)
	at org.apache.maven.surefire.junit4.JUnit4Provider.invoke(JUnit4Provider.java:113)
	at sun.reflect.NativeMethodAccessorImpl.invoke0(Native Method)
	at sun.reflect.NativeMethodAccessorImpl.invoke(NativeMethodAccessorImpl.java:57)
	at sun.reflect.DelegatingMethodAccessorImpl.invoke(DelegatingMethodAccessorImpl.java:43)
	at java.lang.reflect.Method.invoke(Method.java:606)
	at org.apache.maven.surefire.util.ReflectionUtils.invokeMethodWithArray(ReflectionUtils.java:189)
	at org.apache.maven.surefire.booter.ProviderFactory$ProviderProxy.invoke(ProviderFactory.java:165)
	at org.apache.maven.surefire.booter.ProviderFactory.invokeProvider(ProviderFactory.java:85)
	at org.apache.maven.surefire.booter.ForkedBooter.runSuitesInProcess(ForkedBooter.java:103)
	at org.apache.maven.surefire.booter.ForkedBooter.main(ForkedBooter.java:74)
Caused by: javax.persistence.PersistenceException: org.hibernate.exception.SQLGrammarException: could not extract ResultSet
	at org.hibernate.jpa.spi.AbstractEntityManagerImpl.convert(AbstractEntityManagerImpl.java:1763)
	at org.hibernate.jpa.spi.AbstractEntityManagerImpl.convert(AbstractEntityManagerImpl.java:1677)
	at org.hibernate.jpa.internal.QueryImpl.getResultList(QueryImpl.java:458)
	... 46 more
Caused by: org.hibernate.exception.SQLGrammarException: could not extract ResultSet
	at org.hibernate.exception.internal.SQLStateConversionDelegate.convert(SQLStateConversionDelegate.java:123)
	at org.hibernate.exception.internal.StandardSQLExceptionConverter.convert(StandardSQLExceptionConverter.java:49)
	at org.hibernate.engine.jdbc.spi.SqlExceptionHelper.convert(SqlExceptionHelper.java:126)
	at org.hibernate.engine.jdbc.spi.SqlExceptionHelper.convert(SqlExceptionHelper.java:112)
	at org.hibernate.engine.jdbc.internal.ResultSetReturnImpl.extract(ResultSetReturnImpl.java:91)
	at org.hibernate.loader.plan.exec.internal.AbstractLoadPlanBasedLoader.getResultSet(AbstractLoadPlanBasedLoader.java:449)
	at org.hibernate.loader.plan.exec.internal.AbstractLoadPlanBasedLoader.executeQueryStatement(AbstractLoadPlanBasedLoader.java:202)
	at org.hibernate.loader.plan.exec.internal.AbstractLoadPlanBasedLoader.executeLoad(AbstractLoadPlanBasedLoader.java:137)
	at org.hibernate.loader.plan.exec.internal.AbstractLoadPlanBasedLoader.executeLoad(AbstractLoadPlanBasedLoader.java:102)
	at org.hibernate.loader.entity.plan.AbstractLoadPlanBasedEntityLoader.load(AbstractLoadPlanBasedEntityLoader.java:186)
	at org.hibernate.persister.entity.AbstractEntityPersister.load(AbstractEntityPersister.java:4126)
	at org.hibernate.event.internal.DefaultLoadEventListener.loadFromDatasource(DefaultLoadEventListener.java:503)
	at org.hibernate.event.internal.DefaultLoadEventListener.doLoad(DefaultLoadEventListener.java:468)
	at org.hibernate.event.internal.DefaultLoadEventListener.load(DefaultLoadEventListener.java:213)
	at org.hibernate.event.internal.DefaultLoadEventListener.proxyOrLoad(DefaultLoadEventListener.java:275)
	at org.hibernate.event.internal.DefaultLoadEventListener.onLoad(DefaultLoadEventListener.java:151)
	at org.hibernate.internal.SessionImpl.fireLoad(SessionImpl.java:1070)
	at org.hibernate.internal.SessionImpl.internalLoad(SessionImpl.java:989)
	at org.hibernate.type.EntityType.resolveIdentifier(EntityType.java:716)
	at org.hibernate.type.EntityType.resolve(EntityType.java:502)
	at org.hibernate.engine.internal.TwoPhaseLoad.doInitializeEntity(TwoPhaseLoad.java:170)
	at org.hibernate.engine.internal.TwoPhaseLoad.initializeEntity(TwoPhaseLoad.java:144)
	at org.hibernate.loader.Loader.initializeEntitiesAndCollections(Loader.java:1114)
	at org.hibernate.loader.Loader.processResultSet(Loader.java:972)
	at org.hibernate.loader.Loader.doQuery(Loader.java:920)
	at org.hibernate.loader.Loader.doQueryAndInitializeNonLazyCollections(Loader.java:354)
	at org.hibernate.loader.Loader.doList(Loader.java:2553)
	at org.hibernate.loader.Loader.doList(Loader.java:2539)
	at org.hibernate.loader.Loader.listIgnoreQueryCache(Loader.java:2369)
	at org.hibernate.loader.Loader.list(Loader.java:2364)
	at org.hibernate.loader.hql.QueryLoader.list(QueryLoader.java:496)
	at org.hibernate.hql.internal.ast.QueryTranslatorImpl.list(QueryTranslatorImpl.java:387)
	at org.hibernate.engine.query.spi.HQLQueryPlan.performList(HQLQueryPlan.java:231)
	at org.hibernate.internal.SessionImpl.list(SessionImpl.java:1264)
	at org.hibernate.internal.QueryImpl.list(QueryImpl.java:103)
	at org.hibernate.jpa.internal.QueryImpl.list(QueryImpl.java:573)
	at org.hibernate.jpa.internal.QueryImpl.getResultList(QueryImpl.java:449)
	... 46 more
Caused by: java.sql.SQLException: Invalid column name 'numberOfAuditorium'.
	at net.sourceforge.jtds.jdbc.SQLDiagnostic.addDiagnostic(SQLDiagnostic.java:368)
	at net.sourceforge.jtds.jdbc.TdsCore.tdsErrorToken(TdsCore.java:2820)
	at net.sourceforge.jtds.jdbc.TdsCore.nextToken(TdsCore.java:2258)
	at net.sourceforge.jtds.jdbc.TdsCore.getMoreResults(TdsCore.java:632)
	at net.sourceforge.jtds.jdbc.JtdsStatement.executeSQLQuery(JtdsStatement.java:477)
	at net.sourceforge.jtds.jdbc.JtdsPreparedStatement.executeQuery(JtdsPreparedStatement.java:778)
	at org.apache.commons.dbcp.DelegatingPreparedStatement.executeQuery(DelegatingPreparedStatement.java:96)
	at org.apache.commons.dbcp.DelegatingPreparedStatement.executeQuery(DelegatingPreparedStatement.java:96)
	at org.hibernate.engine.jdbc.internal.ResultSetReturnImpl.extract(ResultSetReturnImpl.java:82)
	... 78 more
testFindShow(com.springsource.roo.reservetickets.domain.ShowIntegrationTest)  Time elapsed: 0.016 sec  <<< ERROR!
org.springframework.orm.jpa.JpaSystemException: org.hibernate.exception.SQLGrammarException: could not extract ResultSet; nested exception is javax.persistence.PersistenceException: org.hibernate.exception.SQLGrammarException: could not extract ResultSet
	at org.springframework.orm.jpa.EntityManagerFactoryUtils.convertJpaAccessExceptionIfPossible(EntityManagerFactoryUtils.java:321)
	at org.springframework.orm.jpa.aspectj.JpaExceptionTranslatorAspect.ajc$afterThrowing$org_springframework_orm_jpa_aspectj_JpaExceptionTranslatorAspect$1$18a1ac9(JpaExceptionTranslatorAspect.aj:33)
	at com.springsource.roo.reservetickets.domain.Show_Roo_Jpa_ActiveRecord.findShowEntries_aroundBody10(Show_Roo_Jpa_ActiveRecord.aj:50)
	at com.springsource.roo.reservetickets.domain.Show_Roo_Jpa_ActiveRecord.ajc$interMethod$com_springsource_roo_reservetickets_domain_Show_Roo_Jpa_ActiveRecord$com_springsource_roo_reservetickets_domain_Show$findShowEntries(Show_Roo_Jpa_ActiveRecord.aj:1)
	at com.springsource.roo.reservetickets.domain.Show.findShowEntries(Show.java:1)
	at com.springsource.roo.reservetickets.domain.Show_Roo_Jpa_ActiveRecord.ajc$interMethodDispatch1$com_springsource_roo_reservetickets_domain_Show_Roo_Jpa_ActiveRecord$com_springsource_roo_reservetickets_domain_Show$findShowEntries(Show_Roo_Jpa_ActiveRecord.aj)
	at com.springsource.roo.reservetickets.domain.ShowDataOnDemand_Roo_DataOnDemand.ajc$interMethod$com_springsource_roo_reservetickets_domain_ShowDataOnDemand_Roo_DataOnDemand$com_springsource_roo_reservetickets_domain_ShowDataOnDemand$init(ShowDataOnDemand_Roo_DataOnDemand.aj:75)
	at com.springsource.roo.reservetickets.domain.ShowDataOnDemand.init(ShowDataOnDemand.java:1)
	at com.springsource.roo.reservetickets.domain.ShowDataOnDemand_Roo_DataOnDemand.ajc$interMethodDispatch1$com_springsource_roo_reservetickets_domain_ShowDataOnDemand_Roo_DataOnDemand$com_springsource_roo_reservetickets_domain_ShowDataOnDemand$init(ShowDataOnDemand_Roo_DataOnDemand.aj)
	at com.springsource.roo.reservetickets.domain.ShowDataOnDemand_Roo_DataOnDemand.ajc$interMethod$com_springsource_roo_reservetickets_domain_ShowDataOnDemand_Roo_DataOnDemand$com_springsource_roo_reservetickets_domain_ShowDataOnDemand$getRandomShow(ShowDataOnDemand_Roo_DataOnDemand.aj:62)
	at com.springsource.roo.reservetickets.domain.ShowDataOnDemand.getRandomShow(ShowDataOnDemand.java:1)
	at com.springsource.roo.reservetickets.domain.ShowDataOnDemand_Roo_DataOnDemand.ajc$interMethodDispatch1$com_springsource_roo_reservetickets_domain_ShowDataOnDemand_Roo_DataOnDemand$com_springsource_roo_reservetickets_domain_ShowDataOnDemand$getRandomShow(ShowDataOnDemand_Roo_DataOnDemand.aj)
	at com.springsource.roo.reservetickets.domain.ShowIntegrationTest_Roo_IntegrationTest.ajc$interMethod$com_springsource_roo_reservetickets_domain_ShowIntegrationTest_Roo_IntegrationTest$com_springsource_roo_reservetickets_domain_ShowIntegrationTest$testFindShow(ShowIntegrationTest_Roo_IntegrationTest.aj:41)
	at com.springsource.roo.reservetickets.domain.ShowIntegrationTest.testFindShow(ShowIntegrationTest.java:1)
	at sun.reflect.NativeMethodAccessorImpl.invoke0(Native Method)
	at sun.reflect.NativeMethodAccessorImpl.invoke(NativeMethodAccessorImpl.java:57)
	at sun.reflect.DelegatingMethodAccessorImpl.invoke(DelegatingMethodAccessorImpl.java:43)
	at java.lang.reflect.Method.invoke(Method.java:606)
	at org.junit.runners.model.FrameworkMethod$1.runReflectiveCall(FrameworkMethod.java:47)
	at org.junit.internal.runners.model.ReflectiveCallable.run(ReflectiveCallable.java:12)
	at org.junit.runners.model.FrameworkMethod.invokeExplosively(FrameworkMethod.java:44)
	at org.junit.internal.runners.statements.InvokeMethod.evaluate(InvokeMethod.java:17)
	at org.springframework.test.context.junit4.statements.RunBeforeTestMethodCallbacks.evaluate(RunBeforeTestMethodCallbacks.java:74)
	at org.springframework.test.context.junit4.statements.RunAfterTestMethodCallbacks.evaluate(RunAfterTestMethodCallbacks.java:83)
	at org.springframework.test.context.junit4.statements.SpringRepeat.evaluate(SpringRepeat.java:72)
	at org.springframework.test.context.junit4.SpringJUnit4ClassRunner.runChild(SpringJUnit4ClassRunner.java:231)
	at org.springframework.test.context.junit4.SpringJUnit4ClassRunner.runChild(SpringJUnit4ClassRunner.java:88)
	at org.junit.runners.ParentRunner$3.run(ParentRunner.java:238)
	at org.junit.runners.ParentRunner$1.schedule(ParentRunner.java:63)
	at org.junit.runners.ParentRunner.runChildren(ParentRunner.java:236)
	at org.junit.runners.ParentRunner.access$000(ParentRunner.java:53)
	at org.junit.runners.ParentRunner$2.evaluate(ParentRunner.java:229)
	at org.springframework.test.context.junit4.statements.RunBeforeTestClassCallbacks.evaluate(RunBeforeTestClassCallbacks.java:61)
	at org.springframework.test.context.junit4.statements.RunAfterTestClassCallbacks.evaluate(RunAfterTestClassCallbacks.java:71)
	at org.junit.runners.ParentRunner.run(ParentRunner.java:309)
	at org.springframework.test.context.junit4.SpringJUnit4ClassRunner.run(SpringJUnit4ClassRunner.java:174)
	at org.apache.maven.surefire.junit4.JUnit4Provider.execute(JUnit4Provider.java:236)
	at org.apache.maven.surefire.junit4.JUnit4Provider.executeTestSet(JUnit4Provider.java:134)
	at org.apache.maven.surefire.junit4.JUnit4Provider.invoke(JUnit4Provider.java:113)
	at sun.reflect.NativeMethodAccessorImpl.invoke0(Native Method)
	at sun.reflect.NativeMethodAccessorImpl.invoke(NativeMethodAccessorImpl.java:57)
	at sun.reflect.DelegatingMethodAccessorImpl.invoke(DelegatingMethodAccessorImpl.java:43)
	at java.lang.reflect.Method.invoke(Method.java:606)
	at org.apache.maven.surefire.util.ReflectionUtils.invokeMethodWithArray(ReflectionUtils.java:189)
	at org.apache.maven.surefire.booter.ProviderFactory$ProviderProxy.invoke(ProviderFactory.java:165)
	at org.apache.maven.surefire.booter.ProviderFactory.invokeProvider(ProviderFactory.java:85)
	at org.apache.maven.surefire.booter.ForkedBooter.runSuitesInProcess(ForkedBooter.java:103)
	at org.apache.maven.surefire.booter.ForkedBooter.main(ForkedBooter.java:74)
Caused by: javax.persistence.PersistenceException: org.hibernate.exception.SQLGrammarException: could not extract ResultSet
	at org.hibernate.jpa.spi.AbstractEntityManagerImpl.convert(AbstractEntityManagerImpl.java:1763)
	at org.hibernate.jpa.spi.AbstractEntityManagerImpl.convert(AbstractEntityManagerImpl.java:1677)
	at org.hibernate.jpa.internal.QueryImpl.getResultList(QueryImpl.java:458)
	... 46 more
Caused by: org.hibernate.exception.SQLGrammarException: could not extract ResultSet
	at org.hibernate.exception.internal.SQLStateConversionDelegate.convert(SQLStateConversionDelegate.java:123)
	at org.hibernate.exception.internal.StandardSQLExceptionConverter.convert(StandardSQLExceptionConverter.java:49)
	at org.hibernate.engine.jdbc.spi.SqlExceptionHelper.convert(SqlExceptionHelper.java:126)
	at org.hibernate.engine.jdbc.spi.SqlExceptionHelper.convert(SqlExceptionHelper.java:112)
	at org.hibernate.engine.jdbc.internal.ResultSetReturnImpl.extract(ResultSetReturnImpl.java:91)
	at org.hibernate.loader.plan.exec.internal.AbstractLoadPlanBasedLoader.getResultSet(AbstractLoadPlanBasedLoader.java:449)
	at org.hibernate.loader.plan.exec.internal.AbstractLoadPlanBasedLoader.executeQueryStatement(AbstractLoadPlanBasedLoader.java:202)
	at org.hibernate.loader.plan.exec.internal.AbstractLoadPlanBasedLoader.executeLoad(AbstractLoadPlanBasedLoader.java:137)
	at org.hibernate.loader.plan.exec.internal.AbstractLoadPlanBasedLoader.executeLoad(AbstractLoadPlanBasedLoader.java:102)
	at org.hibernate.loader.entity.plan.AbstractLoadPlanBasedEntityLoader.load(AbstractLoadPlanBasedEntityLoader.java:186)
	at org.hibernate.persister.entity.AbstractEntityPersister.load(AbstractEntityPersister.java:4126)
	at org.hibernate.event.internal.DefaultLoadEventListener.loadFromDatasource(DefaultLoadEventListener.java:503)
	at org.hibernate.event.internal.DefaultLoadEventListener.doLoad(DefaultLoadEventListener.java:468)
	at org.hibernate.event.internal.DefaultLoadEventListener.load(DefaultLoadEventListener.java:213)
	at org.hibernate.event.internal.DefaultLoadEventListener.proxyOrLoad(DefaultLoadEventListener.java:275)
	at org.hibernate.event.internal.DefaultLoadEventListener.onLoad(DefaultLoadEventListener.java:151)
	at org.hibernate.internal.SessionImpl.fireLoad(SessionImpl.java:1070)
	at org.hibernate.internal.SessionImpl.internalLoad(SessionImpl.java:989)
	at org.hibernate.type.EntityType.resolveIdentifier(EntityType.java:716)
	at org.hibernate.type.EntityType.resolve(EntityType.java:502)
	at org.hibernate.engine.internal.TwoPhaseLoad.doInitializeEntity(TwoPhaseLoad.java:170)
	at org.hibernate.engine.internal.TwoPhaseLoad.initializeEntity(TwoPhaseLoad.java:144)
	at org.hibernate.loader.Loader.initializeEntitiesAndCollections(Loader.java:1114)
	at org.hibernate.loader.Loader.processResultSet(Loader.java:972)
	at org.hibernate.loader.Loader.doQuery(Loader.java:920)
	at org.hibernate.loader.Loader.doQueryAndInitializeNonLazyCollections(Loader.java:354)
	at org.hibernate.loader.Loader.doList(Loader.java:2553)
	at org.hibernate.loader.Loader.doList(Loader.java:2539)
	at org.hibernate.loader.Loader.listIgnoreQueryCache(Loader.java:2369)
	at org.hibernate.loader.Loader.list(Loader.java:2364)
	at org.hibernate.loader.hql.QueryLoader.list(QueryLoader.java:496)
	at org.hibernate.hql.internal.ast.QueryTranslatorImpl.list(QueryTranslatorImpl.java:387)
	at org.hibernate.engine.query.spi.HQLQueryPlan.performList(HQLQueryPlan.java:231)
	at org.hibernate.internal.SessionImpl.list(SessionImpl.java:1264)
	at org.hibernate.internal.QueryImpl.list(QueryImpl.java:103)
	at org.hibernate.jpa.internal.QueryImpl.list(QueryImpl.java:573)
	at org.hibernate.jpa.internal.QueryImpl.getResultList(QueryImpl.java:449)
	... 46 more
Caused by: java.sql.SQLException: Invalid column name 'numberOfAuditorium'.
	at net.sourceforge.jtds.jdbc.SQLDiagnostic.addDiagnostic(SQLDiagnostic.java:368)
	at net.sourceforge.jtds.jdbc.TdsCore.tdsErrorToken(TdsCore.java:2820)
	at net.sourceforge.jtds.jdbc.TdsCore.nextToken(TdsCore.java:2258)
	at net.sourceforge.jtds.jdbc.TdsCore.getMoreResults(TdsCore.java:632)
	at net.sourceforge.jtds.jdbc.JtdsStatement.executeSQLQuery(JtdsStatement.java:477)
	at net.sourceforge.jtds.jdbc.JtdsPreparedStatement.executeQuery(JtdsPreparedStatement.java:778)
	at org.apache.commons.dbcp.DelegatingPreparedStatement.executeQuery(DelegatingPreparedStatement.java:96)
	at org.apache.commons.dbcp.DelegatingPreparedStatement.executeQuery(DelegatingPreparedStatement.java:96)
	at org.hibernate.engine.jdbc.internal.ResultSetReturnImpl.extract(ResultSetReturnImpl.java:82)
	... 78 more
testRemove(com.springsource.roo.reservetickets.domain.ShowIntegrationTest)  Time elapsed: 0 sec  <<< ERROR!
org.springframework.orm.jpa.JpaSystemException: org.hibernate.exception.SQLGrammarException: could not extract ResultSet; nested exception is javax.persistence.PersistenceException: org.hibernate.exception.SQLGrammarException: could not extract ResultSet
	at org.springframework.orm.jpa.EntityManagerFactoryUtils.convertJpaAccessExceptionIfPossible(EntityManagerFactoryUtils.java:321)
	at org.springframework.orm.jpa.aspectj.JpaExceptionTranslatorAspect.ajc$afterThrowing$org_springframework_orm_jpa_aspectj_JpaExceptionTranslatorAspect$1$18a1ac9(JpaExceptionTranslatorAspect.aj:33)
	at com.springsource.roo.reservetickets.domain.Show_Roo_Jpa_ActiveRecord.findShowEntries_aroundBody10(Show_Roo_Jpa_ActiveRecord.aj:50)
	at com.springsource.roo.reservetickets.domain.Show_Roo_Jpa_ActiveRecord.ajc$interMethod$com_springsource_roo_reservetickets_domain_Show_Roo_Jpa_ActiveRecord$com_springsource_roo_reservetickets_domain_Show$findShowEntries(Show_Roo_Jpa_ActiveRecord.aj:1)
	at com.springsource.roo.reservetickets.domain.Show.findShowEntries(Show.java:1)
	at com.springsource.roo.reservetickets.domain.Show_Roo_Jpa_ActiveRecord.ajc$interMethodDispatch1$com_springsource_roo_reservetickets_domain_Show_Roo_Jpa_ActiveRecord$com_springsource_roo_reservetickets_domain_Show$findShowEntries(Show_Roo_Jpa_ActiveRecord.aj)
	at com.springsource.roo.reservetickets.domain.ShowDataOnDemand_Roo_DataOnDemand.ajc$interMethod$com_springsource_roo_reservetickets_domain_ShowDataOnDemand_Roo_DataOnDemand$com_springsource_roo_reservetickets_domain_ShowDataOnDemand$init(ShowDataOnDemand_Roo_DataOnDemand.aj:75)
	at com.springsource.roo.reservetickets.domain.ShowDataOnDemand.init(ShowDataOnDemand.java:1)
	at com.springsource.roo.reservetickets.domain.ShowDataOnDemand_Roo_DataOnDemand.ajc$interMethodDispatch1$com_springsource_roo_reservetickets_domain_ShowDataOnDemand_Roo_DataOnDemand$com_springsource_roo_reservetickets_domain_ShowDataOnDemand$init(ShowDataOnDemand_Roo_DataOnDemand.aj)
	at com.springsource.roo.reservetickets.domain.ShowDataOnDemand_Roo_DataOnDemand.ajc$interMethod$com_springsource_roo_reservetickets_domain_ShowDataOnDemand_Roo_DataOnDemand$com_springsource_roo_reservetickets_domain_ShowDataOnDemand$getRandomShow(ShowDataOnDemand_Roo_DataOnDemand.aj:62)
	at com.springsource.roo.reservetickets.domain.ShowDataOnDemand.getRandomShow(ShowDataOnDemand.java:1)
	at com.springsource.roo.reservetickets.domain.ShowDataOnDemand_Roo_DataOnDemand.ajc$interMethodDispatch1$com_springsource_roo_reservetickets_domain_ShowDataOnDemand_Roo_DataOnDemand$com_springsource_roo_reservetickets_domain_ShowDataOnDemand$getRandomShow(ShowDataOnDemand_Roo_DataOnDemand.aj)
	at com.springsource.roo.reservetickets.domain.ShowIntegrationTest_Roo_IntegrationTest.ajc$interMethod$com_springsource_roo_reservetickets_domain_ShowIntegrationTest_Roo_IntegrationTest$com_springsource_roo_reservetickets_domain_ShowIntegrationTest$testRemove(ShowIntegrationTest_Roo_IntegrationTest.aj:123)
	at com.springsource.roo.reservetickets.domain.ShowIntegrationTest.testRemove(ShowIntegrationTest.java:1)
	at sun.reflect.NativeMethodAccessorImpl.invoke0(Native Method)
	at sun.reflect.NativeMethodAccessorImpl.invoke(NativeMethodAccessorImpl.java:57)
	at sun.reflect.DelegatingMethodAccessorImpl.invoke(DelegatingMethodAccessorImpl.java:43)
	at java.lang.reflect.Method.invoke(Method.java:606)
	at org.junit.runners.model.FrameworkMethod$1.runReflectiveCall(FrameworkMethod.java:47)
	at org.junit.internal.runners.model.ReflectiveCallable.run(ReflectiveCallable.java:12)
	at org.junit.runners.model.FrameworkMethod.invokeExplosively(FrameworkMethod.java:44)
	at org.junit.internal.runners.statements.InvokeMethod.evaluate(InvokeMethod.java:17)
	at org.springframework.test.context.junit4.statements.RunBeforeTestMethodCallbacks.evaluate(RunBeforeTestMethodCallbacks.java:74)
	at org.springframework.test.context.junit4.statements.RunAfterTestMethodCallbacks.evaluate(RunAfterTestMethodCallbacks.java:83)
	at org.springframework.test.context.junit4.statements.SpringRepeat.evaluate(SpringRepeat.java:72)
	at org.springframework.test.context.junit4.SpringJUnit4ClassRunner.runChild(SpringJUnit4ClassRunner.java:231)
	at org.springframework.test.context.junit4.SpringJUnit4ClassRunner.runChild(SpringJUnit4ClassRunner.java:88)
	at org.junit.runners.ParentRunner$3.run(ParentRunner.java:238)
	at org.junit.runners.ParentRunner$1.schedule(ParentRunner.java:63)
	at org.junit.runners.ParentRunner.runChildren(ParentRunner.java:236)
	at org.junit.runners.ParentRunner.access$000(ParentRunner.java:53)
	at org.junit.runners.ParentRunner$2.evaluate(ParentRunner.java:229)
	at org.springframework.test.context.junit4.statements.RunBeforeTestClassCallbacks.evaluate(RunBeforeTestClassCallbacks.java:61)
	at org.springframework.test.context.junit4.statements.RunAfterTestClassCallbacks.evaluate(RunAfterTestClassCallbacks.java:71)
	at org.junit.runners.ParentRunner.run(ParentRunner.java:309)
	at org.springframework.test.context.junit4.SpringJUnit4ClassRunner.run(SpringJUnit4ClassRunner.java:174)
	at org.apache.maven.surefire.junit4.JUnit4Provider.execute(JUnit4Provider.java:236)
	at org.apache.maven.surefire.junit4.JUnit4Provider.executeTestSet(JUnit4Provider.java:134)
	at org.apache.maven.surefire.junit4.JUnit4Provider.invoke(JUnit4Provider.java:113)
	at sun.reflect.NativeMethodAccessorImpl.invoke0(Native Method)
	at sun.reflect.NativeMethodAccessorImpl.invoke(NativeMethodAccessorImpl.java:57)
	at sun.reflect.DelegatingMethodAccessorImpl.invoke(DelegatingMethodAccessorImpl.java:43)
	at java.lang.reflect.Method.invoke(Method.java:606)
	at org.apache.maven.surefire.util.ReflectionUtils.invokeMethodWithArray(ReflectionUtils.java:189)
	at org.apache.maven.surefire.booter.ProviderFactory$ProviderProxy.invoke(ProviderFactory.java:165)
	at org.apache.maven.surefire.booter.ProviderFactory.invokeProvider(ProviderFactory.java:85)
	at org.apache.maven.surefire.booter.ForkedBooter.runSuitesInProcess(ForkedBooter.java:103)
	at org.apache.maven.surefire.booter.ForkedBooter.main(ForkedBooter.java:74)
Caused by: javax.persistence.PersistenceException: org.hibernate.exception.SQLGrammarException: could not extract ResultSet
	at org.hibernate.jpa.spi.AbstractEntityManagerImpl.convert(AbstractEntityManagerImpl.java:1763)
	at org.hibernate.jpa.spi.AbstractEntityManagerImpl.convert(AbstractEntityManagerImpl.java:1677)
	at org.hibernate.jpa.internal.QueryImpl.getResultList(QueryImpl.java:458)
	... 46 more
Caused by: org.hibernate.exception.SQLGrammarException: could not extract ResultSet
	at org.hibernate.exception.internal.SQLStateConversionDelegate.convert(SQLStateConversionDelegate.java:123)
	at org.hibernate.exception.internal.StandardSQLExceptionConverter.convert(StandardSQLExceptionConverter.java:49)
	at org.hibernate.engine.jdbc.spi.SqlExceptionHelper.convert(SqlExceptionHelper.java:126)
	at org.hibernate.engine.jdbc.spi.SqlExceptionHelper.convert(SqlExceptionHelper.java:112)
	at org.hibernate.engine.jdbc.internal.ResultSetReturnImpl.extract(ResultSetReturnImpl.java:91)
	at org.hibernate.loader.plan.exec.internal.AbstractLoadPlanBasedLoader.getResultSet(AbstractLoadPlanBasedLoader.java:449)
	at org.hibernate.loader.plan.exec.internal.AbstractLoadPlanBasedLoader.executeQueryStatement(AbstractLoadPlanBasedLoader.java:202)
	at org.hibernate.loader.plan.exec.internal.AbstractLoadPlanBasedLoader.executeLoad(AbstractLoadPlanBasedLoader.java:137)
	at org.hibernate.loader.plan.exec.internal.AbstractLoadPlanBasedLoader.executeLoad(AbstractLoadPlanBasedLoader.java:102)
	at org.hibernate.loader.entity.plan.AbstractLoadPlanBasedEntityLoader.load(AbstractLoadPlanBasedEntityLoader.java:186)
	at org.hibernate.persister.entity.AbstractEntityPersister.load(AbstractEntityPersister.java:4126)
	at org.hibernate.event.internal.DefaultLoadEventListener.loadFromDatasource(DefaultLoadEventListener.java:503)
	at org.hibernate.event.internal.DefaultLoadEventListener.doLoad(DefaultLoadEventListener.java:468)
	at org.hibernate.event.internal.DefaultLoadEventListener.load(DefaultLoadEventListener.java:213)
	at org.hibernate.event.internal.DefaultLoadEventListener.proxyOrLoad(DefaultLoadEventListener.java:275)
	at org.hibernate.event.internal.DefaultLoadEventListener.onLoad(DefaultLoadEventListener.java:151)
	at org.hibernate.internal.SessionImpl.fireLoad(SessionImpl.java:1070)
	at org.hibernate.internal.SessionImpl.internalLoad(SessionImpl.java:989)
	at org.hibernate.type.EntityType.resolveIdentifier(EntityType.java:716)
	at org.hibernate.type.EntityType.resolve(EntityType.java:502)
	at org.hibernate.engine.internal.TwoPhaseLoad.doInitializeEntity(TwoPhaseLoad.java:170)
	at org.hibernate.engine.internal.TwoPhaseLoad.initializeEntity(TwoPhaseLoad.java:144)
	at org.hibernate.loader.Loader.initializeEntitiesAndCollections(Loader.java:1114)
	at org.hibernate.loader.Loader.processResultSet(Loader.java:972)
	at org.hibernate.loader.Loader.doQuery(Loader.java:920)
	at org.hibernate.loader.Loader.doQueryAndInitializeNonLazyCollections(Loader.java:354)
	at org.hibernate.loader.Loader.doList(Loader.java:2553)
	at org.hibernate.loader.Loader.doList(Loader.java:2539)
	at org.hibernate.loader.Loader.listIgnoreQueryCache(Loader.java:2369)
	at org.hibernate.loader.Loader.list(Loader.java:2364)
	at org.hibernate.loader.hql.QueryLoader.list(QueryLoader.java:496)
	at org.hibernate.hql.internal.ast.QueryTranslatorImpl.list(QueryTranslatorImpl.java:387)
	at org.hibernate.engine.query.spi.HQLQueryPlan.performList(HQLQueryPlan.java:231)
	at org.hibernate.internal.SessionImpl.list(SessionImpl.java:1264)
	at org.hibernate.internal.QueryImpl.list(QueryImpl.java:103)
	at org.hibernate.jpa.internal.QueryImpl.list(QueryImpl.java:573)
	at org.hibernate.jpa.internal.QueryImpl.getResultList(QueryImpl.java:449)
	... 46 more
Caused by: java.sql.SQLException: Invalid column name 'numberOfAuditorium'.
	at net.sourceforge.jtds.jdbc.SQLDiagnostic.addDiagnostic(SQLDiagnostic.java:368)
	at net.sourceforge.jtds.jdbc.TdsCore.tdsErrorToken(TdsCore.java:2820)
	at net.sourceforge.jtds.jdbc.TdsCore.nextToken(TdsCore.java:2258)
	at net.sourceforge.jtds.jdbc.TdsCore.getMoreResults(TdsCore.java:632)
	at net.sourceforge.jtds.jdbc.JtdsStatement.executeSQLQuery(JtdsStatement.java:477)
	at net.sourceforge.jtds.jdbc.JtdsPreparedStatement.executeQuery(JtdsPreparedStatement.java:778)
	at org.apache.commons.dbcp.DelegatingPreparedStatement.executeQuery(DelegatingPreparedStatement.java:96)
	at org.apache.commons.dbcp.DelegatingPreparedStatement.executeQuery(DelegatingPreparedStatement.java:96)
	at org.hibernate.engine.jdbc.internal.ResultSetReturnImpl.extract(ResultSetReturnImpl.java:82)
	... 78 more
