<?xml version="1.0" encoding="UTF-8" ?>
<testsuite failures="0" time="0.264" errors="0" skipped="0" tests="9" name="com.springsource.roo.reservetickets.domain.FilmIntegrationTest">
  <properties>
[...]
</properties>
  <testcase time="0.094" classname="com.springsource.roo.reservetickets.domain.FilmIntegrationTest" name="testCountFilms"/>
  <testcase time="0.032" classname="com.springsource.roo.reservetickets.domain.FilmIntegrationTest" name="testFindFilmEntries"/>
  <testcase time="0" classname="com.springsource.roo.reservetickets.domain.FilmIntegrationTest" name="testFindAllFilms"/>
  <testcase time="0.016" classname="com.springsource.roo.reservetickets.domain.FilmIntegrationTest" name="testFlush"/>
  <testcase time="0.075" classname="com.springsource.roo.reservetickets.domain.FilmIntegrationTest" name="testPersist"/>
  <testcase time="0" classname="com.springsource.roo.reservetickets.domain.FilmIntegrationTest" name="testMarkerMethod"/>
  <testcase time="0.015" classname="com.springsource.roo.reservetickets.domain.FilmIntegrationTest" name="testMergeUpdate"/>
  <testcase time="0" classname="com.springsource.roo.reservetickets.domain.FilmIntegrationTest" name="testFindFilm"/>
  <testcase time="0.032" classname="com.springsource.roo.reservetickets.domain.FilmIntegrationTest" name="testRemove"/>
</testsuite>